<2014-05-03 21:32:11> <http-bio-8080-exec-10> org.hibernate.hql.ast.QueryTranslatorImpl.list(QueryTranslatorImpl.java:328) 
<WARN> firstResult/maxResults specified with collection fetch; applying in memory!

<2014-05-03 21:33:45> <http-bio-8080-exec-9> org.hibernate.hql.ast.QueryTranslatorImpl.list(QueryTranslatorImpl.java:328) 
<WARN> firstResult/maxResults specified with collection fetch; applying in memory!

<2014-05-03 21:33:51> <http-bio-8080-exec-8> org.hibernate.hql.ast.QueryTranslatorImpl.list(QueryTranslatorImpl.java:328) 
<WARN> firstResult/maxResults specified with collection fetch; applying in memory!

<2014-05-03 21:34:09> <http-bio-8080-exec-3> org.hibernate.hql.ast.QueryTranslatorImpl.list(QueryTranslatorImpl.java:328) 
<WARN> firstResult/maxResults specified with collection fetch; applying in memory!

<2014-05-03 21:34:20> <http-bio-8080-exec-5> com.opensymphony.xwork2.interceptor.ParametersInterceptor.setParameters(ParametersInterceptor.java:242) 
<ERROR> ParametersInterceptor - [setParameters]: Unexpected Exception caught setting 'b1399124060885' on 'class com.taobao.rigel.rap.workspace.web.action.WorkspaceAction: Error setting expression 'b1399124060885' with value '[Ljava.lang.String;@1f4253a3'

<2014-05-03 21:34:22> <http-bio-8080-exec-10> com.opensymphony.xwork2.interceptor.ParametersInterceptor.setParameters(ParametersInterceptor.java:242) 
<ERROR> ParametersInterceptor - [setParameters]: Unexpected Exception caught setting 'b1399124062697' on 'class com.taobao.rigel.rap.workspace.web.action.WorkspaceAction: Error setting expression 'b1399124062697' with value '[Ljava.lang.String;@22dccc67'

<2014-05-03 21:34:27> <http-bio-8080-exec-10> com.opensymphony.xwork2.interceptor.ParametersInterceptor.setParameters(ParametersInterceptor.java:242) 
<ERROR> ParametersInterceptor - [setParameters]: Unexpected Exception caught setting 'b1399124067780' on 'class com.taobao.rigel.rap.workspace.web.action.WorkspaceAction: Error setting expression 'b1399124067780' with value '[Ljava.lang.String;@30535975'

<2014-05-03 21:34:29> <http-bio-8080-exec-10> com.opensymphony.xwork2.interceptor.ParametersInterceptor.setParameters(ParametersInterceptor.java:242) 
<ERROR> ParametersInterceptor - [setParameters]: Unexpected Exception caught setting 'b1399124069470' on 'class com.taobao.rigel.rap.workspace.web.action.WorkspaceAction: Error setting expression 'b1399124069470' with value '[Ljava.lang.String;@2568d3ba'

<2014-05-03 21:34:31> <http-bio-8080-exec-10> com.opensymphony.xwork2.interceptor.ParametersInterceptor.setParameters(ParametersInterceptor.java:242) 
<ERROR> ParametersInterceptor - [setParameters]: Unexpected Exception caught setting 'b1399124071072' on 'class com.taobao.rigel.rap.workspace.web.action.WorkspaceAction: Error setting expression 'b1399124071072' with value '[Ljava.lang.String;@24e3489a'

<2014-05-03 21:34:31> <http-bio-8080-exec-10> com.opensymphony.xwork2.interceptor.ParametersInterceptor.setParameters(ParametersInterceptor.java:242) 
<ERROR> ParametersInterceptor - [setParameters]: Unexpected Exception caught setting 'b1399124071902' on 'class com.taobao.rigel.rap.workspace.web.action.WorkspaceAction: Error setting expression 'b1399124071902' with value '[Ljava.lang.String;@27b310e0'

<2014-05-03 21:34:32> <http-bio-8080-exec-10> com.opensymphony.xwork2.interceptor.ParametersInterceptor.setParameters(ParametersInterceptor.java:242) 
<ERROR> ParametersInterceptor - [setParameters]: Unexpected Exception caught setting 'b1399124072950' on 'class com.taobao.rigel.rap.workspace.web.action.WorkspaceAction: Error setting expression 'b1399124072950' with value '[Ljava.lang.String;@781d7da6'

<2014-05-03 21:34:33> <http-bio-8080-exec-10> com.opensymphony.xwork2.interceptor.ParametersInterceptor.setParameters(ParametersInterceptor.java:242) 
<ERROR> ParametersInterceptor - [setParameters]: Unexpected Exception caught setting 'b1399124073864' on 'class com.taobao.rigel.rap.workspace.web.action.WorkspaceAction: Error setting expression 'b1399124073864' with value '[Ljava.lang.String;@2c2632d4'

<2014-05-03 21:34:34> <http-bio-8080-exec-10> com.opensymphony.xwork2.interceptor.ParametersInterceptor.setParameters(ParametersInterceptor.java:242) 
<ERROR> ParametersInterceptor - [setParameters]: Unexpected Exception caught setting 'b1399124074697' on 'class com.taobao.rigel.rap.workspace.web.action.WorkspaceAction: Error setting expression 'b1399124074697' with value '[Ljava.lang.String;@201ee3f'

<2014-05-03 21:34:35> <http-bio-8080-exec-8> com.opensymphony.xwork2.interceptor.ParametersInterceptor.setParameters(ParametersInterceptor.java:242) 
<ERROR> ParametersInterceptor - [setParameters]: Unexpected Exception caught setting 'b1399124075360' on 'class com.taobao.rigel.rap.workspace.web.action.WorkspaceAction: Error setting expression 'b1399124075360' with value '[Ljava.lang.String;@7ebc431e'

<2014-05-03 21:34:38> <http-bio-8080-exec-8> com.opensymphony.xwork2.interceptor.ParametersInterceptor.setParameters(ParametersInterceptor.java:242) 
<ERROR> ParametersInterceptor - [setParameters]: Unexpected Exception caught setting 'b1399124078490' on 'class com.taobao.rigel.rap.workspace.web.action.WorkspaceAction: Error setting expression 'b1399124078490' with value '[Ljava.lang.String;@293cec2'

<2014-05-03 21:34:39> <http-bio-8080-exec-8> com.opensymphony.xwork2.interceptor.ParametersInterceptor.setParameters(ParametersInterceptor.java:242) 
<ERROR> ParametersInterceptor - [setParameters]: Unexpected Exception caught setting 'b1399124079019' on 'class com.taobao.rigel.rap.workspace.web.action.WorkspaceAction: Error setting expression 'b1399124079019' with value '[Ljava.lang.String;@5d7bc668'

<2014-05-03 21:34:39> <http-bio-8080-exec-8> com.opensymphony.xwork2.interceptor.ParametersInterceptor.setParameters(ParametersInterceptor.java:242) 
<ERROR> ParametersInterceptor - [setParameters]: Unexpected Exception caught setting 'b1399124079809' on 'class com.taobao.rigel.rap.workspace.web.action.WorkspaceAction: Error setting expression 'b1399124079809' with value '[Ljava.lang.String;@29a67ada'

<2014-05-03 21:34:40> <http-bio-8080-exec-8> com.opensymphony.xwork2.interceptor.ParametersInterceptor.setParameters(ParametersInterceptor.java:242) 
<ERROR> ParametersInterceptor - [setParameters]: Unexpected Exception caught setting 'b1399124080428' on 'class com.taobao.rigel.rap.workspace.web.action.WorkspaceAction: Error setting expression 'b1399124080428' with value '[Ljava.lang.String;@4589d604'

<2014-05-03 21:34:48> <http-bio-8080-exec-8> com.opensymphony.xwork2.interceptor.ParametersInterceptor.setParameters(ParametersInterceptor.java:242) 
<ERROR> ParametersInterceptor - [setParameters]: Unexpected Exception caught setting 'b1399124088041' on 'class com.taobao.rigel.rap.workspace.web.action.WorkspaceAction: Error setting expression 'b1399124088041' with value '[Ljava.lang.String;@537239a2'

<2014-05-03 21:37:58> <http-bio-8080-exec-10> com.opensymphony.xwork2.interceptor.ParametersInterceptor.setParameters(ParametersInterceptor.java:242) 
<ERROR> ParametersInterceptor - [setParameters]: Unexpected Exception caught setting 'b1399124278032' on 'class com.taobao.rigel.rap.workspace.web.action.WorkspaceAction: Error setting expression 'b1399124278032' with value '[Ljava.lang.String;@2977f0e'

<2014-05-03 21:39:18> <http-bio-8080-exec-9> com.opensymphony.xwork2.interceptor.ParametersInterceptor.setParameters(ParametersInterceptor.java:242) 
<ERROR> ParametersInterceptor - [setParameters]: Unexpected Exception caught setting 'b1399124358287' on 'class com.taobao.rigel.rap.workspace.web.action.WorkspaceAction: Error setting expression 'b1399124358287' with value '[Ljava.lang.String;@25d0b375'

<2014-05-03 21:44:18> <http-bio-8080-exec-2> com.opensymphony.xwork2.interceptor.ParametersInterceptor.setParameters(ParametersInterceptor.java:242) 
<ERROR> ParametersInterceptor - [setParameters]: Unexpected Exception caught setting 'b1399124658259' on 'class com.taobao.rigel.rap.workspace.web.action.WorkspaceAction: Error setting expression 'b1399124658259' with value '[Ljava.lang.String;@325ace80'

<2014-05-03 21:49:18> <http-bio-8080-exec-8> com.opensymphony.xwork2.interceptor.ParametersInterceptor.setParameters(ParametersInterceptor.java:242) 
<ERROR> ParametersInterceptor - [setParameters]: Unexpected Exception caught setting 'b1399124958238' on 'class com.taobao.rigel.rap.workspace.web.action.WorkspaceAction: Error setting expression 'b1399124958238' with value '[Ljava.lang.String;@6fa7c215'

<2014-05-03 21:54:18> <http-bio-8080-exec-4> com.opensymphony.xwork2.interceptor.ParametersInterceptor.setParameters(ParametersInterceptor.java:242) 
<ERROR> ParametersInterceptor - [setParameters]: Unexpected Exception caught setting 'b1399125258212' on 'class com.taobao.rigel.rap.workspace.web.action.WorkspaceAction: Error setting expression 'b1399125258212' with value '[Ljava.lang.String;@21839092'

<2014-05-03 21:59:19> <http-bio-8080-exec-1> com.opensymphony.xwork2.interceptor.ParametersInterceptor.setParameters(ParametersInterceptor.java:242) 
<ERROR> ParametersInterceptor - [setParameters]: Unexpected Exception caught setting 'b1399125559178' on 'class com.taobao.rigel.rap.workspace.web.action.WorkspaceAction: Error setting expression 'b1399125559178' with value '[Ljava.lang.String;@3d091f73'

<2014-05-03 22:04:19> <http-bio-8080-exec-6> com.opensymphony.xwork2.interceptor.ParametersInterceptor.setParameters(ParametersInterceptor.java:242) 
<ERROR> ParametersInterceptor - [setParameters]: Unexpected Exception caught setting 'b1399125859150' on 'class com.taobao.rigel.rap.workspace.web.action.WorkspaceAction: Error setting expression 'b1399125859150' with value '[Ljava.lang.String;@c3c618c'

<2014-05-03 22:09:19> <http-bio-8080-exec-5> com.opensymphony.xwork2.interceptor.ParametersInterceptor.setParameters(ParametersInterceptor.java:242) 
<ERROR> ParametersInterceptor - [setParameters]: Unexpected Exception caught setting 'b1399126159123' on 'class com.taobao.rigel.rap.workspace.web.action.WorkspaceAction: Error setting expression 'b1399126159123' with value '[Ljava.lang.String;@4c1e13d2'

<2014-05-03 22:14:19> <http-bio-8080-exec-3> com.opensymphony.xwork2.interceptor.ParametersInterceptor.setParameters(ParametersInterceptor.java:242) 
<ERROR> ParametersInterceptor - [setParameters]: Unexpected Exception caught setting 'b1399126459097' on 'class com.taobao.rigel.rap.workspace.web.action.WorkspaceAction: Error setting expression 'b1399126459097' with value '[Ljava.lang.String;@5df16018'

<2014-05-03 22:19:19> <http-bio-8080-exec-7> com.opensymphony.xwork2.interceptor.ParametersInterceptor.setParameters(ParametersInterceptor.java:242) 
<ERROR> ParametersInterceptor - [setParameters]: Unexpected Exception caught setting 'b1399126759081' on 'class com.taobao.rigel.rap.workspace.web.action.WorkspaceAction: Error setting expression 'b1399126759081' with value '[Ljava.lang.String;@668c5318'

<2014-05-03 22:24:19> <http-bio-8080-exec-10> com.opensymphony.xwork2.interceptor.ParametersInterceptor.setParameters(ParametersInterceptor.java:242) 
<ERROR> ParametersInterceptor - [setParameters]: Unexpected Exception caught setting 'b1399127059042' on 'class com.taobao.rigel.rap.workspace.web.action.WorkspaceAction: Error setting expression 'b1399127059042' with value '[Ljava.lang.String;@2608acc1'

<2014-05-03 22:29:19> <http-bio-8080-exec-9> com.opensymphony.xwork2.interceptor.ParametersInterceptor.setParameters(ParametersInterceptor.java:242) 
<ERROR> ParametersInterceptor - [setParameters]: Unexpected Exception caught setting 'b1399127359013' on 'class com.taobao.rigel.rap.workspace.web.action.WorkspaceAction: Error setting expression 'b1399127359013' with value '[Ljava.lang.String;@738650'

<2014-05-03 22:34:19> <http-bio-8080-exec-2> com.opensymphony.xwork2.interceptor.ParametersInterceptor.setParameters(ParametersInterceptor.java:242) 
<ERROR> ParametersInterceptor - [setParameters]: Unexpected Exception caught setting 'b1399127658987' on 'class com.taobao.rigel.rap.workspace.web.action.WorkspaceAction: Error setting expression 'b1399127658987' with value '[Ljava.lang.String;@35f04a1e'

<2014-05-03 22:39:19> <http-bio-8080-exec-8> com.opensymphony.xwork2.interceptor.ParametersInterceptor.setParameters(ParametersInterceptor.java:242) 
<ERROR> ParametersInterceptor - [setParameters]: Unexpected Exception caught setting 'b1399127958959' on 'class com.taobao.rigel.rap.workspace.web.action.WorkspaceAction: Error setting expression 'b1399127958959' with value '[Ljava.lang.String;@1cef7921'

<2014-05-03 22:44:18> <http-bio-8080-exec-4> com.opensymphony.xwork2.interceptor.ParametersInterceptor.setParameters(ParametersInterceptor.java:242) 
<ERROR> ParametersInterceptor - [setParameters]: Unexpected Exception caught setting 'b1399128258932' on 'class com.taobao.rigel.rap.workspace.web.action.WorkspaceAction: Error setting expression 'b1399128258932' with value '[Ljava.lang.String;@64767795'

<2014-05-03 22:49:18> <http-bio-8080-exec-1> com.opensymphony.xwork2.interceptor.ParametersInterceptor.setParameters(ParametersInterceptor.java:242) 
<ERROR> ParametersInterceptor - [setParameters]: Unexpected Exception caught setting 'b1399128558908' on 'class com.taobao.rigel.rap.workspace.web.action.WorkspaceAction: Error setting expression 'b1399128558908' with value '[Ljava.lang.String;@5160ba79'

<2014-05-03 22:54:18> <http-bio-8080-exec-6> com.opensymphony.xwork2.interceptor.ParametersInterceptor.setParameters(ParametersInterceptor.java:242) 
<ERROR> ParametersInterceptor - [setParameters]: Unexpected Exception caught setting 'b1399128858878' on 'class com.taobao.rigel.rap.workspace.web.action.WorkspaceAction: Error setting expression 'b1399128858878' with value '[Ljava.lang.String;@39deb2a3'

<2014-05-03 22:59:18> <http-bio-8080-exec-5> com.opensymphony.xwork2.interceptor.ParametersInterceptor.setParameters(ParametersInterceptor.java:242) 
<ERROR> ParametersInterceptor - [setParameters]: Unexpected Exception caught setting 'b1399129158850' on 'class com.taobao.rigel.rap.workspace.web.action.WorkspaceAction: Error setting expression 'b1399129158850' with value '[Ljava.lang.String;@71623263'

<2014-05-03 23:04:18> <http-bio-8080-exec-3> com.opensymphony.xwork2.interceptor.ParametersInterceptor.setParameters(ParametersInterceptor.java:242) 
<ERROR> ParametersInterceptor - [setParameters]: Unexpected Exception caught setting 'b1399129458823' on 'class com.taobao.rigel.rap.workspace.web.action.WorkspaceAction: Error setting expression 'b1399129458823' with value '[Ljava.lang.String;@5816a9bf'

<2014-05-03 23:09:18> <http-bio-8080-exec-7> com.opensymphony.xwork2.interceptor.ParametersInterceptor.setParameters(ParametersInterceptor.java:242) 
<ERROR> ParametersInterceptor - [setParameters]: Unexpected Exception caught setting 'b1399129758796' on 'class com.taobao.rigel.rap.workspace.web.action.WorkspaceAction: Error setting expression 'b1399129758796' with value '[Ljava.lang.String;@b79fb77'

<2014-05-03 23:14:19> <http-bio-8080-exec-10> com.opensymphony.xwork2.interceptor.ParametersInterceptor.setParameters(ParametersInterceptor.java:242) 
<ERROR> ParametersInterceptor - [setParameters]: Unexpected Exception caught setting 'b1399130059558' on 'class com.taobao.rigel.rap.workspace.web.action.WorkspaceAction: Error setting expression 'b1399130059558' with value '[Ljava.lang.String;@63c12171'

<2014-05-03 23:19:19> <http-bio-8080-exec-9> com.opensymphony.xwork2.interceptor.ParametersInterceptor.setParameters(ParametersInterceptor.java:242) 
<ERROR> ParametersInterceptor - [setParameters]: Unexpected Exception caught setting 'b1399130359530' on 'class com.taobao.rigel.rap.workspace.web.action.WorkspaceAction: Error setting expression 'b1399130359530' with value '[Ljava.lang.String;@5656afda'

<2014-05-03 23:24:19> <http-bio-8080-exec-2> com.opensymphony.xwork2.interceptor.ParametersInterceptor.setParameters(ParametersInterceptor.java:242) 
<ERROR> ParametersInterceptor - [setParameters]: Unexpected Exception caught setting 'b1399130659503' on 'class com.taobao.rigel.rap.workspace.web.action.WorkspaceAction: Error setting expression 'b1399130659503' with value '[Ljava.lang.String;@63f1f2c5'

<2014-05-03 23:29:19> <http-bio-8080-exec-8> com.opensymphony.xwork2.interceptor.ParametersInterceptor.setParameters(ParametersInterceptor.java:242) 
<ERROR> ParametersInterceptor - [setParameters]: Unexpected Exception caught setting 'b1399130959476' on 'class com.taobao.rigel.rap.workspace.web.action.WorkspaceAction: Error setting expression 'b1399130959476' with value '[Ljava.lang.String;@29d3a145'

<2014-05-03 23:34:19> <http-bio-8080-exec-4> com.opensymphony.xwork2.interceptor.ParametersInterceptor.setParameters(ParametersInterceptor.java:242) 
<ERROR> ParametersInterceptor - [setParameters]: Unexpected Exception caught setting 'b1399131259448' on 'class com.taobao.rigel.rap.workspace.web.action.WorkspaceAction: Error setting expression 'b1399131259448' with value '[Ljava.lang.String;@282d300'

<2014-05-03 23:39:19> <http-bio-8080-exec-1> com.opensymphony.xwork2.interceptor.ParametersInterceptor.setParameters(ParametersInterceptor.java:242) 
<ERROR> ParametersInterceptor - [setParameters]: Unexpected Exception caught setting 'b1399131559421' on 'class com.taobao.rigel.rap.workspace.web.action.WorkspaceAction: Error setting expression 'b1399131559421' with value '[Ljava.lang.String;@331bb2c3'

<2014-05-03 23:44:19> <http-bio-8080-exec-6> com.opensymphony.xwork2.interceptor.ParametersInterceptor.setParameters(ParametersInterceptor.java:242) 
<ERROR> ParametersInterceptor - [setParameters]: Unexpected Exception caught setting 'b1399131859396' on 'class com.taobao.rigel.rap.workspace.web.action.WorkspaceAction: Error setting expression 'b1399131859396' with value '[Ljava.lang.String;@206febb4'

<2014-05-03 23:49:19> <http-bio-8080-exec-5> com.opensymphony.xwork2.interceptor.ParametersInterceptor.setParameters(ParametersInterceptor.java:242) 
<ERROR> ParametersInterceptor - [setParameters]: Unexpected Exception caught setting 'b1399132159367' on 'class com.taobao.rigel.rap.workspace.web.action.WorkspaceAction: Error setting expression 'b1399132159367' with value '[Ljava.lang.String;@4a389bdc'

<2014-05-03 23:54:19> <http-bio-8080-exec-3> com.opensymphony.xwork2.interceptor.ParametersInterceptor.setParameters(ParametersInterceptor.java:242) 
<ERROR> ParametersInterceptor - [setParameters]: Unexpected Exception caught setting 'b1399132459339' on 'class com.taobao.rigel.rap.workspace.web.action.WorkspaceAction: Error setting expression 'b1399132459339' with value '[Ljava.lang.String;@1d1137dc'

<2014-05-03 23:59:19> <http-bio-8080-exec-7> com.opensymphony.xwork2.interceptor.ParametersInterceptor.setParameters(ParametersInterceptor.java:242) 
<ERROR> ParametersInterceptor - [setParameters]: Unexpected Exception caught setting 'b1399132759313' on 'class com.taobao.rigel.rap.workspace.web.action.WorkspaceAction: Error setting expression 'b1399132759313' with value '[Ljava.lang.String;@6562007'

<2014-05-04 00:04:19> <http-bio-8080-exec-10> com.opensymphony.xwork2.interceptor.ParametersInterceptor.setParameters(ParametersInterceptor.java:242) 
<ERROR> ParametersInterceptor - [setParameters]: Unexpected Exception caught setting 'b1399133059285' on 'class com.taobao.rigel.rap.workspace.web.action.WorkspaceAction: Error setting expression 'b1399133059285' with value '[Ljava.lang.String;@3b60916b'

<2014-05-04 00:09:19> <http-bio-8080-exec-9> com.opensymphony.xwork2.interceptor.ParametersInterceptor.setParameters(ParametersInterceptor.java:242) 
<ERROR> ParametersInterceptor - [setParameters]: Unexpected Exception caught setting 'b1399133359258' on 'class com.taobao.rigel.rap.workspace.web.action.WorkspaceAction: Error setting expression 'b1399133359258' with value '[Ljava.lang.String;@2f4b6b49'

<2014-05-04 00:14:19> <http-bio-8080-exec-2> com.opensymphony.xwork2.interceptor.ParametersInterceptor.setParameters(ParametersInterceptor.java:242) 
<ERROR> ParametersInterceptor - [setParameters]: Unexpected Exception caught setting 'b1399133659231' on 'class com.taobao.rigel.rap.workspace.web.action.WorkspaceAction: Error setting expression 'b1399133659231' with value '[Ljava.lang.String;@992eaad'

<2014-05-04 00:19:19> <http-bio-8080-exec-8> com.opensymphony.xwork2.interceptor.ParametersInterceptor.setParameters(ParametersInterceptor.java:242) 
<ERROR> ParametersInterceptor - [setParameters]: Unexpected Exception caught setting 'b1399133959204' on 'class com.taobao.rigel.rap.workspace.web.action.WorkspaceAction: Error setting expression 'b1399133959204' with value '[Ljava.lang.String;@39df26c7'

<2014-05-04 00:24:19> <http-bio-8080-exec-4> com.opensymphony.xwork2.interceptor.ParametersInterceptor.setParameters(ParametersInterceptor.java:242) 
<ERROR> ParametersInterceptor - [setParameters]: Unexpected Exception caught setting 'b1399134259176' on 'class com.taobao.rigel.rap.workspace.web.action.WorkspaceAction: Error setting expression 'b1399134259176' with value '[Ljava.lang.String;@24ea5da2'

<2014-05-04 00:29:19> <http-bio-8080-exec-1> com.opensymphony.xwork2.interceptor.ParametersInterceptor.setParameters(ParametersInterceptor.java:242) 
<ERROR> ParametersInterceptor - [setParameters]: Unexpected Exception caught setting 'b1399134559149' on 'class com.taobao.rigel.rap.workspace.web.action.WorkspaceAction: Error setting expression 'b1399134559149' with value '[Ljava.lang.String;@11736ceb'

<2014-05-04 00:34:19> <http-bio-8080-exec-6> com.opensymphony.xwork2.interceptor.ParametersInterceptor.setParameters(ParametersInterceptor.java:242) 
<ERROR> ParametersInterceptor - [setParameters]: Unexpected Exception caught setting 'b1399134859122' on 'class com.taobao.rigel.rap.workspace.web.action.WorkspaceAction: Error setting expression 'b1399134859122' with value '[Ljava.lang.String;@3bb4e2c0'

<2014-05-04 00:39:19> <http-bio-8080-exec-5> com.opensymphony.xwork2.interceptor.ParametersInterceptor.setParameters(ParametersInterceptor.java:242) 
<ERROR> ParametersInterceptor - [setParameters]: Unexpected Exception caught setting 'b1399135159095' on 'class com.taobao.rigel.rap.workspace.web.action.WorkspaceAction: Error setting expression 'b1399135159095' with value '[Ljava.lang.String;@f12cc91'

<2014-05-04 00:44:19> <http-bio-8080-exec-3> com.opensymphony.xwork2.interceptor.ParametersInterceptor.setParameters(ParametersInterceptor.java:242) 
<ERROR> ParametersInterceptor - [setParameters]: Unexpected Exception caught setting 'b1399135459068' on 'class com.taobao.rigel.rap.workspace.web.action.WorkspaceAction: Error setting expression 'b1399135459068' with value '[Ljava.lang.String;@4a1ea993'

<2014-05-04 00:49:19> <http-bio-8080-exec-7> com.opensymphony.xwork2.interceptor.ParametersInterceptor.setParameters(ParametersInterceptor.java:242) 
<ERROR> ParametersInterceptor - [setParameters]: Unexpected Exception caught setting 'b1399135759040' on 'class com.taobao.rigel.rap.workspace.web.action.WorkspaceAction: Error setting expression 'b1399135759040' with value '[Ljava.lang.String;@186ad8c6'

<2014-05-04 00:54:19> <http-bio-8080-exec-10> com.opensymphony.xwork2.interceptor.ParametersInterceptor.setParameters(ParametersInterceptor.java:242) 
<ERROR> ParametersInterceptor - [setParameters]: Unexpected Exception caught setting 'b1399136059013' on 'class com.taobao.rigel.rap.workspace.web.action.WorkspaceAction: Error setting expression 'b1399136059013' with value '[Ljava.lang.String;@7111c1f3'

<2014-05-04 02:09:25> <http-bio-8080-exec-9> com.opensymphony.xwork2.interceptor.ParametersInterceptor.setParameters(ParametersInterceptor.java:242) 
<ERROR> ParametersInterceptor - [setParameters]: Unexpected Exception caught setting 'b1399140559000' on 'class com.taobao.rigel.rap.workspace.web.action.WorkspaceAction: Error setting expression 'b1399140559000' with value '[Ljava.lang.String;@7050afee'

<2014-05-04 08:52:39> <http-bio-8080-exec-2> com.opensymphony.xwork2.interceptor.ParametersInterceptor.setParameters(ParametersInterceptor.java:242) 
<ERROR> ParametersInterceptor - [setParameters]: Unexpected Exception caught setting 'b1399164759003' on 'class com.taobao.rigel.rap.workspace.web.action.WorkspaceAction: Error setting expression 'b1399164759003' with value '[Ljava.lang.String;@6cf031e1'

<2014-05-04 08:57:39> <http-bio-8080-exec-8> com.opensymphony.xwork2.interceptor.ParametersInterceptor.setParameters(ParametersInterceptor.java:242) 
<ERROR> ParametersInterceptor - [setParameters]: Unexpected Exception caught setting 'b1399165058975' on 'class com.taobao.rigel.rap.workspace.web.action.WorkspaceAction: Error setting expression 'b1399165058975' with value '[Ljava.lang.String;@8ec2886'

<2014-05-04 09:37:38> <http-bio-8080-exec-4> com.opensymphony.xwork2.interceptor.ParametersInterceptor.setParameters(ParametersInterceptor.java:242) 
<ERROR> ParametersInterceptor - [setParameters]: Unexpected Exception caught setting 'b1399167458772' on 'class com.taobao.rigel.rap.workspace.web.action.WorkspaceAction: Error setting expression 'b1399167458772' with value '[Ljava.lang.String;@2d1085f9'

<2014-05-04 09:52:38> <http-bio-8080-exec-1> com.opensymphony.xwork2.interceptor.ParametersInterceptor.setParameters(ParametersInterceptor.java:242) 
<ERROR> ParametersInterceptor - [setParameters]: Unexpected Exception caught setting 'b1399168358679' on 'class com.taobao.rigel.rap.workspace.web.action.WorkspaceAction: Error setting expression 'b1399168358679' with value '[Ljava.lang.String;@21d25a64'

<2014-05-04 10:05:27> <http-bio-8080-exec-2> com.opensymphony.xwork2.interceptor.ParametersInterceptor.setParameters(ParametersInterceptor.java:242) 
<ERROR> ParametersInterceptor - [setParameters]: Unexpected Exception caught setting 'b1399168658679' on 'class com.taobao.rigel.rap.workspace.web.action.WorkspaceAction: Error setting expression 'b1399168658679' with value '[Ljava.lang.String;@391f7ea4'

<2014-05-04 10:05:27> <http-bio-8080-exec-6> com.opensymphony.xwork2.interceptor.ParametersInterceptor.setParameters(ParametersInterceptor.java:242) 
<ERROR> ParametersInterceptor - [setParameters]: Unexpected Exception caught setting 'b1399167158818' on 'class com.taobao.rigel.rap.workspace.web.action.WorkspaceAction: Error setting expression 'b1399167158818' with value '[Ljava.lang.String;@5e4da970'

<2014-05-04 10:05:27> <http-bio-8080-exec-3> com.opensymphony.xwork2.interceptor.ParametersInterceptor.setParameters(ParametersInterceptor.java:242) 
<ERROR> ParametersInterceptor - [setParameters]: Unexpected Exception caught setting 'b1399168958652' on 'class com.taobao.rigel.rap.workspace.web.action.WorkspaceAction: Error setting expression 'b1399168958652' with value '[Ljava.lang.String;@1922d2b7'

<2014-05-04 10:05:27> <http-bio-8080-exec-5> com.opensymphony.xwork2.interceptor.ParametersInterceptor.setParameters(ParametersInterceptor.java:242) 
<ERROR> ParametersInterceptor - [setParameters]: Unexpected Exception caught setting 'b1399168058707' on 'class com.taobao.rigel.rap.workspace.web.action.WorkspaceAction: Error setting expression 'b1399168058707' with value '[Ljava.lang.String;@25ce4069'

<2014-05-04 10:05:27> <http-bio-8080-exec-9> com.opensymphony.xwork2.interceptor.ParametersInterceptor.setParameters(ParametersInterceptor.java:242) 
<ERROR> ParametersInterceptor - [setParameters]: Unexpected Exception caught setting 'b1399167758734' on 'class com.taobao.rigel.rap.workspace.web.action.WorkspaceAction: Error setting expression 'b1399167758734' with value '[Ljava.lang.String;@794e5dc'

<2014-05-04 10:07:38> <http-bio-8080-exec-8> com.opensymphony.xwork2.interceptor.ParametersInterceptor.setParameters(ParametersInterceptor.java:242) 
<ERROR> ParametersInterceptor - [setParameters]: Unexpected Exception caught setting 'b1399169258597' on 'class com.taobao.rigel.rap.workspace.web.action.WorkspaceAction: Error setting expression 'b1399169258597' with value '[Ljava.lang.String;@5664d325'

<2014-05-04 10:12:38> <http-bio-8080-exec-4> com.opensymphony.xwork2.interceptor.ParametersInterceptor.setParameters(ParametersInterceptor.java:242) 
<ERROR> ParametersInterceptor - [setParameters]: Unexpected Exception caught setting 'b1399169558570' on 'class com.taobao.rigel.rap.workspace.web.action.WorkspaceAction: Error setting expression 'b1399169558570' with value '[Ljava.lang.String;@74a21690'

<2014-05-04 10:17:38> <http-bio-8080-exec-1> com.opensymphony.xwork2.interceptor.ParametersInterceptor.setParameters(ParametersInterceptor.java:242) 
<ERROR> ParametersInterceptor - [setParameters]: Unexpected Exception caught setting 'b1399169858542' on 'class com.taobao.rigel.rap.workspace.web.action.WorkspaceAction: Error setting expression 'b1399169858542' with value '[Ljava.lang.String;@436faedb'

<2014-05-04 10:22:38> <http-bio-8080-exec-9> com.opensymphony.xwork2.interceptor.ParametersInterceptor.setParameters(ParametersInterceptor.java:242) 
<ERROR> ParametersInterceptor - [setParameters]: Unexpected Exception caught setting 'b1399170158515' on 'class com.taobao.rigel.rap.workspace.web.action.WorkspaceAction: Error setting expression 'b1399170158515' with value '[Ljava.lang.String;@5b9c54d3'

<2014-05-04 10:27:38> <http-bio-8080-exec-3> com.opensymphony.xwork2.interceptor.ParametersInterceptor.setParameters(ParametersInterceptor.java:242) 
<ERROR> ParametersInterceptor - [setParameters]: Unexpected Exception caught setting 'b1399170458489' on 'class com.taobao.rigel.rap.workspace.web.action.WorkspaceAction: Error setting expression 'b1399170458489' with value '[Ljava.lang.String;@a2120cb'

<2014-05-04 10:32:38> <http-bio-8080-exec-7> com.opensymphony.xwork2.interceptor.ParametersInterceptor.setParameters(ParametersInterceptor.java:242) 
<ERROR> ParametersInterceptor - [setParameters]: Unexpected Exception caught setting 'b1399170758461' on 'class com.taobao.rigel.rap.workspace.web.action.WorkspaceAction: Error setting expression 'b1399170758461' with value '[Ljava.lang.String;@5e820067'

<2014-05-04 10:37:38> <http-bio-8080-exec-10> com.opensymphony.xwork2.interceptor.ParametersInterceptor.setParameters(ParametersInterceptor.java:242) 
<ERROR> ParametersInterceptor - [setParameters]: Unexpected Exception caught setting 'b1399171058434' on 'class com.taobao.rigel.rap.workspace.web.action.WorkspaceAction: Error setting expression 'b1399171058434' with value '[Ljava.lang.String;@55951fc5'

<2014-05-04 10:42:38> <http-bio-8080-exec-2> com.opensymphony.xwork2.interceptor.ParametersInterceptor.setParameters(ParametersInterceptor.java:242) 
<ERROR> ParametersInterceptor - [setParameters]: Unexpected Exception caught setting 'b1399171358409' on 'class com.taobao.rigel.rap.workspace.web.action.WorkspaceAction: Error setting expression 'b1399171358409' with value '[Ljava.lang.String;@142a24c'

<2014-05-04 10:47:38> <http-bio-8080-exec-5> com.opensymphony.xwork2.interceptor.ParametersInterceptor.setParameters(ParametersInterceptor.java:242) 
<ERROR> ParametersInterceptor - [setParameters]: Unexpected Exception caught setting 'b1399171658378' on 'class com.taobao.rigel.rap.workspace.web.action.WorkspaceAction: Error setting expression 'b1399171658378' with value '[Ljava.lang.String;@4bf11578'

<2014-05-04 10:52:38> <http-bio-8080-exec-6> com.opensymphony.xwork2.interceptor.ParametersInterceptor.setParameters(ParametersInterceptor.java:242) 
<ERROR> ParametersInterceptor - [setParameters]: Unexpected Exception caught setting 'b1399171958352' on 'class com.taobao.rigel.rap.workspace.web.action.WorkspaceAction: Error setting expression 'b1399171958352' with value '[Ljava.lang.String;@6de956d3'

<2014-05-04 10:57:38> <http-bio-8080-exec-8> com.opensymphony.xwork2.interceptor.ParametersInterceptor.setParameters(ParametersInterceptor.java:242) 
<ERROR> ParametersInterceptor - [setParameters]: Unexpected Exception caught setting 'b1399172258324' on 'class com.taobao.rigel.rap.workspace.web.action.WorkspaceAction: Error setting expression 'b1399172258324' with value '[Ljava.lang.String;@30392164'

<2014-05-04 11:02:38> <http-bio-8080-exec-4> com.opensymphony.xwork2.interceptor.ParametersInterceptor.setParameters(ParametersInterceptor.java:242) 
<ERROR> ParametersInterceptor - [setParameters]: Unexpected Exception caught setting 'b1399172558300' on 'class com.taobao.rigel.rap.workspace.web.action.WorkspaceAction: Error setting expression 'b1399172558300' with value '[Ljava.lang.String;@45ae74e8'

<2014-05-04 11:07:38> <http-bio-8080-exec-1> com.opensymphony.xwork2.interceptor.ParametersInterceptor.setParameters(ParametersInterceptor.java:242) 
<ERROR> ParametersInterceptor - [setParameters]: Unexpected Exception caught setting 'b1399172858270' on 'class com.taobao.rigel.rap.workspace.web.action.WorkspaceAction: Error setting expression 'b1399172858270' with value '[Ljava.lang.String;@2477cd9c'

<2014-05-04 11:12:38> <http-bio-8080-exec-9> com.opensymphony.xwork2.interceptor.ParametersInterceptor.setParameters(ParametersInterceptor.java:242) 
<ERROR> ParametersInterceptor - [setParameters]: Unexpected Exception caught setting 'b1399173158243' on 'class com.taobao.rigel.rap.workspace.web.action.WorkspaceAction: Error setting expression 'b1399173158243' with value '[Ljava.lang.String;@2f891745'

<2014-05-04 11:17:38> <http-bio-8080-exec-3> com.opensymphony.xwork2.interceptor.ParametersInterceptor.setParameters(ParametersInterceptor.java:242) 
<ERROR> ParametersInterceptor - [setParameters]: Unexpected Exception caught setting 'b1399173458216' on 'class com.taobao.rigel.rap.workspace.web.action.WorkspaceAction: Error setting expression 'b1399173458216' with value '[Ljava.lang.String;@4b027c50'

<2014-05-04 11:22:38> <http-bio-8080-exec-7> com.opensymphony.xwork2.interceptor.ParametersInterceptor.setParameters(ParametersInterceptor.java:242) 
<ERROR> ParametersInterceptor - [setParameters]: Unexpected Exception caught setting 'b1399173758190' on 'class com.taobao.rigel.rap.workspace.web.action.WorkspaceAction: Error setting expression 'b1399173758190' with value '[Ljava.lang.String;@af3e6d'

<2014-05-04 11:27:38> <http-bio-8080-exec-10> com.opensymphony.xwork2.interceptor.ParametersInterceptor.setParameters(ParametersInterceptor.java:242) 
<ERROR> ParametersInterceptor - [setParameters]: Unexpected Exception caught setting 'b1399174058162' on 'class com.taobao.rigel.rap.workspace.web.action.WorkspaceAction: Error setting expression 'b1399174058162' with value '[Ljava.lang.String;@60f00e14'

<2014-05-04 11:32:38> <http-bio-8080-exec-2> com.opensymphony.xwork2.interceptor.ParametersInterceptor.setParameters(ParametersInterceptor.java:242) 
<ERROR> ParametersInterceptor - [setParameters]: Unexpected Exception caught setting 'b1399174358134' on 'class com.taobao.rigel.rap.workspace.web.action.WorkspaceAction: Error setting expression 'b1399174358134' with value '[Ljava.lang.String;@3466e5c6'

<2014-05-04 11:37:38> <http-bio-8080-exec-5> com.opensymphony.xwork2.interceptor.ParametersInterceptor.setParameters(ParametersInterceptor.java:242) 
<ERROR> ParametersInterceptor - [setParameters]: Unexpected Exception caught setting 'b1399174658105' on 'class com.taobao.rigel.rap.workspace.web.action.WorkspaceAction: Error setting expression 'b1399174658105' with value '[Ljava.lang.String;@7d277780'

<2014-05-04 11:42:38> <http-bio-8080-exec-6> com.opensymphony.xwork2.interceptor.ParametersInterceptor.setParameters(ParametersInterceptor.java:242) 
<ERROR> ParametersInterceptor - [setParameters]: Unexpected Exception caught setting 'b1399174958079' on 'class com.taobao.rigel.rap.workspace.web.action.WorkspaceAction: Error setting expression 'b1399174958079' with value '[Ljava.lang.String;@81a85ee'

<2014-05-04 11:47:38> <http-bio-8080-exec-8> com.opensymphony.xwork2.interceptor.ParametersInterceptor.setParameters(ParametersInterceptor.java:242) 
<ERROR> ParametersInterceptor - [setParameters]: Unexpected Exception caught setting 'b1399175258054' on 'class com.taobao.rigel.rap.workspace.web.action.WorkspaceAction: Error setting expression 'b1399175258054' with value '[Ljava.lang.String;@f2d755'

<2014-05-04 11:52:38> <http-bio-8080-exec-4> com.opensymphony.xwork2.interceptor.ParametersInterceptor.setParameters(ParametersInterceptor.java:242) 
<ERROR> ParametersInterceptor - [setParameters]: Unexpected Exception caught setting 'b1399175558024' on 'class com.taobao.rigel.rap.workspace.web.action.WorkspaceAction: Error setting expression 'b1399175558024' with value '[Ljava.lang.String;@11911b28'

<2014-05-04 11:57:38> <http-bio-8080-exec-1> com.opensymphony.xwork2.interceptor.ParametersInterceptor.setParameters(ParametersInterceptor.java:242) 
<ERROR> ParametersInterceptor - [setParameters]: Unexpected Exception caught setting 'b1399175857997' on 'class com.taobao.rigel.rap.workspace.web.action.WorkspaceAction: Error setting expression 'b1399175857997' with value '[Ljava.lang.String;@55ac8550'

<2014-05-04 12:02:38> <http-bio-8080-exec-9> com.opensymphony.xwork2.interceptor.ParametersInterceptor.setParameters(ParametersInterceptor.java:242) 
<ERROR> ParametersInterceptor - [setParameters]: Unexpected Exception caught setting 'b1399176157970' on 'class com.taobao.rigel.rap.workspace.web.action.WorkspaceAction: Error setting expression 'b1399176157970' with value '[Ljava.lang.String;@55d60d20'

<2014-05-04 12:07:38> <http-bio-8080-exec-3> com.opensymphony.xwork2.interceptor.ParametersInterceptor.setParameters(ParametersInterceptor.java:242) 
<ERROR> ParametersInterceptor - [setParameters]: Unexpected Exception caught setting 'b1399176457944' on 'class com.taobao.rigel.rap.workspace.web.action.WorkspaceAction: Error setting expression 'b1399176457944' with value '[Ljava.lang.String;@512c1730'

<2014-05-04 12:12:38> <http-bio-8080-exec-7> com.opensymphony.xwork2.interceptor.ParametersInterceptor.setParameters(ParametersInterceptor.java:242) 
<ERROR> ParametersInterceptor - [setParameters]: Unexpected Exception caught setting 'b1399176757917' on 'class com.taobao.rigel.rap.workspace.web.action.WorkspaceAction: Error setting expression 'b1399176757917' with value '[Ljava.lang.String;@51b5305c'

<2014-05-04 12:27:18> <http-bio-8080-exec-10> com.opensymphony.xwork2.interceptor.ParametersInterceptor.setParameters(ParametersInterceptor.java:242) 
<ERROR> ParametersInterceptor - [setParameters]: Unexpected Exception caught setting 'b1399177638273' on 'class com.taobao.rigel.rap.workspace.web.action.WorkspaceAction: Error setting expression 'b1399177638273' with value '[Ljava.lang.String;@365b314b'

<2014-05-04 12:32:18> <http-bio-8080-exec-2> com.opensymphony.xwork2.interceptor.ParametersInterceptor.setParameters(ParametersInterceptor.java:242) 
<ERROR> ParametersInterceptor - [setParameters]: Unexpected Exception caught setting 'b1399177938246' on 'class com.taobao.rigel.rap.workspace.web.action.WorkspaceAction: Error setting expression 'b1399177938246' with value '[Ljava.lang.String;@4226e36d'

<2014-05-04 12:37:18> <http-bio-8080-exec-5> com.opensymphony.xwork2.interceptor.ParametersInterceptor.setParameters(ParametersInterceptor.java:242) 
<ERROR> ParametersInterceptor - [setParameters]: Unexpected Exception caught setting 'b1399178238218' on 'class com.taobao.rigel.rap.workspace.web.action.WorkspaceAction: Error setting expression 'b1399178238218' with value '[Ljava.lang.String;@7335191b'

<2014-05-04 12:42:18> <http-bio-8080-exec-6> com.opensymphony.xwork2.interceptor.ParametersInterceptor.setParameters(ParametersInterceptor.java:242) 
<ERROR> ParametersInterceptor - [setParameters]: Unexpected Exception caught setting 'b1399178538193' on 'class com.taobao.rigel.rap.workspace.web.action.WorkspaceAction: Error setting expression 'b1399178538193' with value '[Ljava.lang.String;@7df8fc8c'

<2014-05-04 12:47:18> <http-bio-8080-exec-8> com.opensymphony.xwork2.interceptor.ParametersInterceptor.setParameters(ParametersInterceptor.java:242) 
<ERROR> ParametersInterceptor - [setParameters]: Unexpected Exception caught setting 'b1399178838163' on 'class com.taobao.rigel.rap.workspace.web.action.WorkspaceAction: Error setting expression 'b1399178838163' with value '[Ljava.lang.String;@11452f6'

<2014-05-04 12:52:18> <http-bio-8080-exec-4> com.opensymphony.xwork2.interceptor.ParametersInterceptor.setParameters(ParametersInterceptor.java:242) 
<ERROR> ParametersInterceptor - [setParameters]: Unexpected Exception caught setting 'b1399179138137' on 'class com.taobao.rigel.rap.workspace.web.action.WorkspaceAction: Error setting expression 'b1399179138137' with value '[Ljava.lang.String;@40f378d6'

<2014-05-04 12:57:18> <http-bio-8080-exec-1> com.opensymphony.xwork2.interceptor.ParametersInterceptor.setParameters(ParametersInterceptor.java:242) 
<ERROR> ParametersInterceptor - [setParameters]: Unexpected Exception caught setting 'b1399179438108' on 'class com.taobao.rigel.rap.workspace.web.action.WorkspaceAction: Error setting expression 'b1399179438108' with value '[Ljava.lang.String;@1ead6724'

<2014-05-04 13:02:18> <http-bio-8080-exec-9> com.opensymphony.xwork2.interceptor.ParametersInterceptor.setParameters(ParametersInterceptor.java:242) 
<ERROR> ParametersInterceptor - [setParameters]: Unexpected Exception caught setting 'b1399179738081' on 'class com.taobao.rigel.rap.workspace.web.action.WorkspaceAction: Error setting expression 'b1399179738081' with value '[Ljava.lang.String;@7fe7b1de'

<2014-05-04 13:07:18> <http-bio-8080-exec-3> com.opensymphony.xwork2.interceptor.ParametersInterceptor.setParameters(ParametersInterceptor.java:242) 
<ERROR> ParametersInterceptor - [setParameters]: Unexpected Exception caught setting 'b1399180038055' on 'class com.taobao.rigel.rap.workspace.web.action.WorkspaceAction: Error setting expression 'b1399180038055' with value '[Ljava.lang.String;@22ebf10f'

<2014-05-04 13:12:18> <http-bio-8080-exec-7> com.opensymphony.xwork2.interceptor.ParametersInterceptor.setParameters(ParametersInterceptor.java:242) 
<ERROR> ParametersInterceptor - [setParameters]: Unexpected Exception caught setting 'b1399180338027' on 'class com.taobao.rigel.rap.workspace.web.action.WorkspaceAction: Error setting expression 'b1399180338027' with value '[Ljava.lang.String;@15169457'

<2014-05-04 13:17:18> <http-bio-8080-exec-10> com.opensymphony.xwork2.interceptor.ParametersInterceptor.setParameters(ParametersInterceptor.java:242) 
<ERROR> ParametersInterceptor - [setParameters]: Unexpected Exception caught setting 'b1399180638001' on 'class com.taobao.rigel.rap.workspace.web.action.WorkspaceAction: Error setting expression 'b1399180638001' with value '[Ljava.lang.String;@56f3b06a'

<2014-05-04 13:22:18> <http-bio-8080-exec-2> com.opensymphony.xwork2.interceptor.ParametersInterceptor.setParameters(ParametersInterceptor.java:242) 
<ERROR> ParametersInterceptor - [setParameters]: Unexpected Exception caught setting 'b1399180937975' on 'class com.taobao.rigel.rap.workspace.web.action.WorkspaceAction: Error setting expression 'b1399180937975' with value '[Ljava.lang.String;@24633a36'

<2014-05-04 13:27:18> <http-bio-8080-exec-5> com.opensymphony.xwork2.interceptor.ParametersInterceptor.setParameters(ParametersInterceptor.java:242) 
<ERROR> ParametersInterceptor - [setParameters]: Unexpected Exception caught setting 'b1399181237945' on 'class com.taobao.rigel.rap.workspace.web.action.WorkspaceAction: Error setting expression 'b1399181237945' with value '[Ljava.lang.String;@7d60afca'

<2014-05-04 13:32:18> <http-bio-8080-exec-6> com.opensymphony.xwork2.interceptor.ParametersInterceptor.setParameters(ParametersInterceptor.java:242) 
<ERROR> ParametersInterceptor - [setParameters]: Unexpected Exception caught setting 'b1399181537918' on 'class com.taobao.rigel.rap.workspace.web.action.WorkspaceAction: Error setting expression 'b1399181537918' with value '[Ljava.lang.String;@23f57564'

<2014-05-04 13:37:18> <http-bio-8080-exec-8> com.opensymphony.xwork2.interceptor.ParametersInterceptor.setParameters(ParametersInterceptor.java:242) 
<ERROR> ParametersInterceptor - [setParameters]: Unexpected Exception caught setting 'b1399181837891' on 'class com.taobao.rigel.rap.workspace.web.action.WorkspaceAction: Error setting expression 'b1399181837891' with value '[Ljava.lang.String;@195daf2b'

<2014-05-04 13:41:21> <http-bio-8080-exec-4> org.hibernate.hql.ast.QueryTranslatorImpl.list(QueryTranslatorImpl.java:328) 
<WARN> firstResult/maxResults specified with collection fetch; applying in memory!

<2014-05-04 13:42:17> <http-bio-8080-exec-2> com.opensymphony.xwork2.interceptor.ParametersInterceptor.setParameters(ParametersInterceptor.java:242) 
<ERROR> ParametersInterceptor - [setParameters]: Unexpected Exception caught setting 'b1399182137863' on 'class com.taobao.rigel.rap.workspace.web.action.WorkspaceAction: Error setting expression 'b1399182137863' with value '[Ljava.lang.String;@2d17d0fe'

<2014-05-04 13:47:17> <http-bio-8080-exec-6> com.opensymphony.xwork2.interceptor.ParametersInterceptor.setParameters(ParametersInterceptor.java:242) 
<ERROR> ParametersInterceptor - [setParameters]: Unexpected Exception caught setting 'b1399182437837' on 'class com.taobao.rigel.rap.workspace.web.action.WorkspaceAction: Error setting expression 'b1399182437837' with value '[Ljava.lang.String;@386d9a6e'

<2014-05-04 13:47:45> <http-bio-8080-exec-6> org.hibernate.hql.ast.QueryTranslatorImpl.list(QueryTranslatorImpl.java:328) 
<WARN> firstResult/maxResults specified with collection fetch; applying in memory!

<2014-05-04 13:50:43> <http-bio-8080-exec-6> org.hibernate.hql.ast.QueryTranslatorImpl.list(QueryTranslatorImpl.java:328) 
<WARN> firstResult/maxResults specified with collection fetch; applying in memory!

<2014-05-04 13:52:17> <http-bio-8080-exec-9> com.opensymphony.xwork2.interceptor.ParametersInterceptor.setParameters(ParametersInterceptor.java:242) 
<ERROR> ParametersInterceptor - [setParameters]: Unexpected Exception caught setting 'b1399182737808' on 'class com.taobao.rigel.rap.workspace.web.action.WorkspaceAction: Error setting expression 'b1399182737808' with value '[Ljava.lang.String;@4123530a'

<2014-05-04 13:57:18> <http-bio-8080-exec-2> com.opensymphony.xwork2.interceptor.ParametersInterceptor.setParameters(ParametersInterceptor.java:242) 
<ERROR> ParametersInterceptor - [setParameters]: Unexpected Exception caught setting 'b1399183037895' on 'class com.taobao.rigel.rap.workspace.web.action.WorkspaceAction: Error setting expression 'b1399183037895' with value '[Ljava.lang.String;@2baff424'

<2014-05-04 13:59:29> <http-bio-8080-exec-7> com.opensymphony.xwork2.interceptor.ParametersInterceptor.setParameters(ParametersInterceptor.java:242) 
<ERROR> ParametersInterceptor - [setParameters]: Unexpected Exception caught setting 'b1399183168771' on 'class com.taobao.rigel.rap.workspace.web.action.WorkspaceAction: Error setting expression 'b1399183168771' with value '[Ljava.lang.String;@2c05461e'

<2014-05-04 14:02:17> <http-bio-8080-exec-4> com.opensymphony.xwork2.interceptor.ParametersInterceptor.setParameters(ParametersInterceptor.java:242) 
<ERROR> ParametersInterceptor - [setParameters]: Unexpected Exception caught setting 'b1399183337755' on 'class com.taobao.rigel.rap.workspace.web.action.WorkspaceAction: Error setting expression 'b1399183337755' with value '[Ljava.lang.String;@66f20092'

<2014-05-04 14:04:28> <http-bio-8080-exec-9> com.opensymphony.xwork2.interceptor.ParametersInterceptor.setParameters(ParametersInterceptor.java:242) 
<ERROR> ParametersInterceptor - [setParameters]: Unexpected Exception caught setting 'b1399183468743' on 'class com.taobao.rigel.rap.workspace.web.action.WorkspaceAction: Error setting expression 'b1399183468743' with value '[Ljava.lang.String;@1ff789f4'

<2014-05-04 14:07:18> <http-bio-8080-exec-3> com.opensymphony.xwork2.interceptor.ParametersInterceptor.setParameters(ParametersInterceptor.java:242) 
<ERROR> ParametersInterceptor - [setParameters]: Unexpected Exception caught setting 'b1399183637727' on 'class com.taobao.rigel.rap.workspace.web.action.WorkspaceAction: Error setting expression 'b1399183637727' with value '[Ljava.lang.String;@5b7127'

<2014-05-04 14:09:28> <http-bio-8080-exec-8> com.opensymphony.xwork2.interceptor.ParametersInterceptor.setParameters(ParametersInterceptor.java:242) 
<ERROR> ParametersInterceptor - [setParameters]: Unexpected Exception caught setting 'b1399183768716' on 'class com.taobao.rigel.rap.workspace.web.action.WorkspaceAction: Error setting expression 'b1399183768716' with value '[Ljava.lang.String;@53aa994c'

<2014-05-04 14:12:17> <http-bio-8080-exec-10> com.opensymphony.xwork2.interceptor.ParametersInterceptor.setParameters(ParametersInterceptor.java:242) 
<ERROR> ParametersInterceptor - [setParameters]: Unexpected Exception caught setting 'b1399183937699' on 'class com.taobao.rigel.rap.workspace.web.action.WorkspaceAction: Error setting expression 'b1399183937699' with value '[Ljava.lang.String;@4489e7dc'

<2014-05-04 14:14:28> <http-bio-8080-exec-5> com.opensymphony.xwork2.interceptor.ParametersInterceptor.setParameters(ParametersInterceptor.java:242) 
<ERROR> ParametersInterceptor - [setParameters]: Unexpected Exception caught setting 'b1399184068689' on 'class com.taobao.rigel.rap.workspace.web.action.WorkspaceAction: Error setting expression 'b1399184068689' with value '[Ljava.lang.String;@208aca9a'

<2014-05-04 14:19:28> <http-bio-8080-exec-8> com.opensymphony.xwork2.interceptor.ParametersInterceptor.setParameters(ParametersInterceptor.java:242) 
<ERROR> ParametersInterceptor - [setParameters]: Unexpected Exception caught setting 'b1399184368661' on 'class com.taobao.rigel.rap.workspace.web.action.WorkspaceAction: Error setting expression 'b1399184368661' with value '[Ljava.lang.String;@165d7531'

<2014-05-04 14:24:29> <http-bio-8080-exec-10> com.opensymphony.xwork2.interceptor.ParametersInterceptor.setParameters(ParametersInterceptor.java:242) 
<ERROR> ParametersInterceptor - [setParameters]: Unexpected Exception caught setting 'b1399184668656' on 'class com.taobao.rigel.rap.workspace.web.action.WorkspaceAction: Error setting expression 'b1399184668656' with value '[Ljava.lang.String;@6dc11b9'

<2014-05-04 14:29:29> <http-bio-8080-exec-5> com.opensymphony.xwork2.interceptor.ParametersInterceptor.setParameters(ParametersInterceptor.java:242) 
<ERROR> ParametersInterceptor - [setParameters]: Unexpected Exception caught setting 'b1399184968618' on 'class com.taobao.rigel.rap.workspace.web.action.WorkspaceAction: Error setting expression 'b1399184968618' with value '[Ljava.lang.String;@12abfed8'

<2014-05-04 14:34:28> <http-bio-8080-exec-3> com.opensymphony.xwork2.interceptor.ParametersInterceptor.setParameters(ParametersInterceptor.java:242) 
<ERROR> ParametersInterceptor - [setParameters]: Unexpected Exception caught setting 'b1399185268578' on 'class com.taobao.rigel.rap.workspace.web.action.WorkspaceAction: Error setting expression 'b1399185268578' with value '[Ljava.lang.String;@742bac50'

<2014-05-04 14:39:28> <http-bio-8080-exec-1> com.opensymphony.xwork2.interceptor.ParametersInterceptor.setParameters(ParametersInterceptor.java:242) 
<ERROR> ParametersInterceptor - [setParameters]: Unexpected Exception caught setting 'b1399185568552' on 'class com.taobao.rigel.rap.workspace.web.action.WorkspaceAction: Error setting expression 'b1399185568552' with value '[Ljava.lang.String;@5a00231a'

<2014-05-04 14:44:28> <http-bio-8080-exec-7> com.opensymphony.xwork2.interceptor.ParametersInterceptor.setParameters(ParametersInterceptor.java:242) 
<ERROR> ParametersInterceptor - [setParameters]: Unexpected Exception caught setting 'b1399185868526' on 'class com.taobao.rigel.rap.workspace.web.action.WorkspaceAction: Error setting expression 'b1399185868526' with value '[Ljava.lang.String;@4ca781d6'

<2014-05-04 14:49:28> <http-bio-8080-exec-4> com.opensymphony.xwork2.interceptor.ParametersInterceptor.setParameters(ParametersInterceptor.java:242) 
<ERROR> ParametersInterceptor - [setParameters]: Unexpected Exception caught setting 'b1399186168498' on 'class com.taobao.rigel.rap.workspace.web.action.WorkspaceAction: Error setting expression 'b1399186168498' with value '[Ljava.lang.String;@6027288c'

<2014-05-04 14:54:28> <http-bio-8080-exec-5> com.opensymphony.xwork2.interceptor.ParametersInterceptor.setParameters(ParametersInterceptor.java:242) 
<ERROR> ParametersInterceptor - [setParameters]: Unexpected Exception caught setting 'b1399186468475' on 'class com.taobao.rigel.rap.workspace.web.action.WorkspaceAction: Error setting expression 'b1399186468475' with value '[Ljava.lang.String;@4a4056d'

<2014-05-04 14:59:28> <http-bio-8080-exec-2> com.opensymphony.xwork2.interceptor.ParametersInterceptor.setParameters(ParametersInterceptor.java:242) 
<ERROR> ParametersInterceptor - [setParameters]: Unexpected Exception caught setting 'b1399186768444' on 'class com.taobao.rigel.rap.workspace.web.action.WorkspaceAction: Error setting expression 'b1399186768444' with value '[Ljava.lang.String;@77aae4d4'

<2014-05-04 15:04:28> <http-bio-8080-exec-6> com.opensymphony.xwork2.interceptor.ParametersInterceptor.setParameters(ParametersInterceptor.java:242) 
<ERROR> ParametersInterceptor - [setParameters]: Unexpected Exception caught setting 'b1399187068415' on 'class com.taobao.rigel.rap.workspace.web.action.WorkspaceAction: Error setting expression 'b1399187068415' with value '[Ljava.lang.String;@b95adec'

<2014-05-04 15:09:29> <http-bio-8080-exec-8> com.opensymphony.xwork2.interceptor.ParametersInterceptor.setParameters(ParametersInterceptor.java:242) 
<ERROR> ParametersInterceptor - [setParameters]: Unexpected Exception caught setting 'b1399187368448' on 'class com.taobao.rigel.rap.workspace.web.action.WorkspaceAction: Error setting expression 'b1399187368448' with value '[Ljava.lang.String;@c42e9f3'

<2014-05-04 15:14:29> <http-bio-8080-exec-4> com.opensymphony.xwork2.interceptor.ParametersInterceptor.setParameters(ParametersInterceptor.java:242) 
<ERROR> ParametersInterceptor - [setParameters]: Unexpected Exception caught setting 'b1399187668382' on 'class com.taobao.rigel.rap.workspace.web.action.WorkspaceAction: Error setting expression 'b1399187668382' with value '[Ljava.lang.String;@90eed0c'

<2014-05-04 15:19:28> <http-bio-8080-exec-9> com.opensymphony.xwork2.interceptor.ParametersInterceptor.setParameters(ParametersInterceptor.java:242) 
<ERROR> ParametersInterceptor - [setParameters]: Unexpected Exception caught setting 'b1399187968334' on 'class com.taobao.rigel.rap.workspace.web.action.WorkspaceAction: Error setting expression 'b1399187968334' with value '[Ljava.lang.String;@b7e7e2d'

<2014-05-04 15:24:28> <http-bio-8080-exec-3> com.opensymphony.xwork2.interceptor.ParametersInterceptor.setParameters(ParametersInterceptor.java:242) 
<ERROR> ParametersInterceptor - [setParameters]: Unexpected Exception caught setting 'b1399188268307' on 'class com.taobao.rigel.rap.workspace.web.action.WorkspaceAction: Error setting expression 'b1399188268307' with value '[Ljava.lang.String;@31e4b362'

<2014-05-04 15:29:28> <http-bio-8080-exec-1> com.opensymphony.xwork2.interceptor.ParametersInterceptor.setParameters(ParametersInterceptor.java:242) 
<ERROR> ParametersInterceptor - [setParameters]: Unexpected Exception caught setting 'b1399188568280' on 'class com.taobao.rigel.rap.workspace.web.action.WorkspaceAction: Error setting expression 'b1399188568280' with value '[Ljava.lang.String;@1470681'

<2014-05-04 15:34:28> <http-bio-8080-exec-7> com.opensymphony.xwork2.interceptor.ParametersInterceptor.setParameters(ParametersInterceptor.java:242) 
<ERROR> ParametersInterceptor - [setParameters]: Unexpected Exception caught setting 'b1399188868252' on 'class com.taobao.rigel.rap.workspace.web.action.WorkspaceAction: Error setting expression 'b1399188868252' with value '[Ljava.lang.String;@26ef56eb'

<2014-05-04 15:39:28> <http-bio-8080-exec-10> com.opensymphony.xwork2.interceptor.ParametersInterceptor.setParameters(ParametersInterceptor.java:242) 
<ERROR> ParametersInterceptor - [setParameters]: Unexpected Exception caught setting 'b1399189168237' on 'class com.taobao.rigel.rap.workspace.web.action.WorkspaceAction: Error setting expression 'b1399189168237' with value '[Ljava.lang.String;@3e20458f'

<2014-05-04 15:44:28> <http-bio-8080-exec-5> com.opensymphony.xwork2.interceptor.ParametersInterceptor.setParameters(ParametersInterceptor.java:242) 
<ERROR> ParametersInterceptor - [setParameters]: Unexpected Exception caught setting 'b1399189468203' on 'class com.taobao.rigel.rap.workspace.web.action.WorkspaceAction: Error setting expression 'b1399189468203' with value '[Ljava.lang.String;@445242be'

<2014-05-04 15:49:28> <http-bio-8080-exec-2> com.opensymphony.xwork2.interceptor.ParametersInterceptor.setParameters(ParametersInterceptor.java:242) 
<ERROR> ParametersInterceptor - [setParameters]: Unexpected Exception caught setting 'b1399189768188' on 'class com.taobao.rigel.rap.workspace.web.action.WorkspaceAction: Error setting expression 'b1399189768188' with value '[Ljava.lang.String;@533a0b63'

<2014-05-04 15:54:28> <http-bio-8080-exec-6> com.opensymphony.xwork2.interceptor.ParametersInterceptor.setParameters(ParametersInterceptor.java:242) 
<ERROR> ParametersInterceptor - [setParameters]: Unexpected Exception caught setting 'b1399190068155' on 'class com.taobao.rigel.rap.workspace.web.action.WorkspaceAction: Error setting expression 'b1399190068155' with value '[Ljava.lang.String;@3d2dc59d'

<2014-05-04 15:59:28> <http-bio-8080-exec-8> com.opensymphony.xwork2.interceptor.ParametersInterceptor.setParameters(ParametersInterceptor.java:242) 
<ERROR> ParametersInterceptor - [setParameters]: Unexpected Exception caught setting 'b1399190368116' on 'class com.taobao.rigel.rap.workspace.web.action.WorkspaceAction: Error setting expression 'b1399190368116' with value '[Ljava.lang.String;@638c1104'

<2014-05-04 16:04:28> <http-bio-8080-exec-4> com.opensymphony.xwork2.interceptor.ParametersInterceptor.setParameters(ParametersInterceptor.java:242) 
<ERROR> ParametersInterceptor - [setParameters]: Unexpected Exception caught setting 'b1399190668089' on 'class com.taobao.rigel.rap.workspace.web.action.WorkspaceAction: Error setting expression 'b1399190668089' with value '[Ljava.lang.String;@4ff8cf47'

<2014-05-04 16:09:28> <http-bio-8080-exec-9> com.opensymphony.xwork2.interceptor.ParametersInterceptor.setParameters(ParametersInterceptor.java:242) 
<ERROR> ParametersInterceptor - [setParameters]: Unexpected Exception caught setting 'b1399190968062' on 'class com.taobao.rigel.rap.workspace.web.action.WorkspaceAction: Error setting expression 'b1399190968062' with value '[Ljava.lang.String;@7cbf0b32'

<2014-05-04 16:14:28> <http-bio-8080-exec-3> com.opensymphony.xwork2.interceptor.ParametersInterceptor.setParameters(ParametersInterceptor.java:242) 
<ERROR> ParametersInterceptor - [setParameters]: Unexpected Exception caught setting 'b1399191268034' on 'class com.taobao.rigel.rap.workspace.web.action.WorkspaceAction: Error setting expression 'b1399191268034' with value '[Ljava.lang.String;@ad65e6a'

<2014-05-04 16:19:28> <http-bio-8080-exec-1> com.opensymphony.xwork2.interceptor.ParametersInterceptor.setParameters(ParametersInterceptor.java:242) 
<ERROR> ParametersInterceptor - [setParameters]: Unexpected Exception caught setting 'b1399191568005' on 'class com.taobao.rigel.rap.workspace.web.action.WorkspaceAction: Error setting expression 'b1399191568005' with value '[Ljava.lang.String;@1a60be78'

<2014-05-04 16:24:28> <http-bio-8080-exec-7> com.opensymphony.xwork2.interceptor.ParametersInterceptor.setParameters(ParametersInterceptor.java:242) 
<ERROR> ParametersInterceptor - [setParameters]: Unexpected Exception caught setting 'b1399191867979' on 'class com.taobao.rigel.rap.workspace.web.action.WorkspaceAction: Error setting expression 'b1399191867979' with value '[Ljava.lang.String;@4719e035'

<2014-05-04 16:29:28> <http-bio-8080-exec-10> com.opensymphony.xwork2.interceptor.ParametersInterceptor.setParameters(ParametersInterceptor.java:242) 
<ERROR> ParametersInterceptor - [setParameters]: Unexpected Exception caught setting 'b1399192167952' on 'class com.taobao.rigel.rap.workspace.web.action.WorkspaceAction: Error setting expression 'b1399192167952' with value '[Ljava.lang.String;@3729c851'

<2014-05-04 16:34:28> <http-bio-8080-exec-5> com.opensymphony.xwork2.interceptor.ParametersInterceptor.setParameters(ParametersInterceptor.java:242) 
<ERROR> ParametersInterceptor - [setParameters]: Unexpected Exception caught setting 'b1399192467925' on 'class com.taobao.rigel.rap.workspace.web.action.WorkspaceAction: Error setting expression 'b1399192467925' with value '[Ljava.lang.String;@8812a6'

<2014-05-04 16:39:28> <http-bio-8080-exec-2> com.opensymphony.xwork2.interceptor.ParametersInterceptor.setParameters(ParametersInterceptor.java:242) 
<ERROR> ParametersInterceptor - [setParameters]: Unexpected Exception caught setting 'b1399192767898' on 'class com.taobao.rigel.rap.workspace.web.action.WorkspaceAction: Error setting expression 'b1399192767898' with value '[Ljava.lang.String;@2b5aaff9'

<2014-05-04 16:44:28> <http-bio-8080-exec-6> com.opensymphony.xwork2.interceptor.ParametersInterceptor.setParameters(ParametersInterceptor.java:242) 
<ERROR> ParametersInterceptor - [setParameters]: Unexpected Exception caught setting 'b1399193067871' on 'class com.taobao.rigel.rap.workspace.web.action.WorkspaceAction: Error setting expression 'b1399193067871' with value '[Ljava.lang.String;@7d00428d'

<2014-05-04 16:49:28> <http-bio-8080-exec-8> com.opensymphony.xwork2.interceptor.ParametersInterceptor.setParameters(ParametersInterceptor.java:242) 
<ERROR> ParametersInterceptor - [setParameters]: Unexpected Exception caught setting 'b1399193367844' on 'class com.taobao.rigel.rap.workspace.web.action.WorkspaceAction: Error setting expression 'b1399193367844' with value '[Ljava.lang.String;@7530b8a3'

<2014-05-04 16:54:28> <http-bio-8080-exec-4> com.opensymphony.xwork2.interceptor.ParametersInterceptor.setParameters(ParametersInterceptor.java:242) 
<ERROR> ParametersInterceptor - [setParameters]: Unexpected Exception caught setting 'b1399193667816' on 'class com.taobao.rigel.rap.workspace.web.action.WorkspaceAction: Error setting expression 'b1399193667816' with value '[Ljava.lang.String;@3f85e041'

<2014-05-04 16:59:27> <http-bio-8080-exec-9> com.opensymphony.xwork2.interceptor.ParametersInterceptor.setParameters(ParametersInterceptor.java:242) 
<ERROR> ParametersInterceptor - [setParameters]: Unexpected Exception caught setting 'b1399193967788' on 'class com.taobao.rigel.rap.workspace.web.action.WorkspaceAction: Error setting expression 'b1399193967788' with value '[Ljava.lang.String;@4e0edba8'

<2014-05-04 17:04:27> <http-bio-8080-exec-3> com.opensymphony.xwork2.interceptor.ParametersInterceptor.setParameters(ParametersInterceptor.java:242) 
<ERROR> ParametersInterceptor - [setParameters]: Unexpected Exception caught setting 'b1399194267761' on 'class com.taobao.rigel.rap.workspace.web.action.WorkspaceAction: Error setting expression 'b1399194267761' with value '[Ljava.lang.String;@45427c4f'

<2014-05-04 17:09:27> <http-bio-8080-exec-1> com.opensymphony.xwork2.interceptor.ParametersInterceptor.setParameters(ParametersInterceptor.java:242) 
<ERROR> ParametersInterceptor - [setParameters]: Unexpected Exception caught setting 'b1399194567735' on 'class com.taobao.rigel.rap.workspace.web.action.WorkspaceAction: Error setting expression 'b1399194567735' with value '[Ljava.lang.String;@361e1c51'

<2014-05-04 17:14:27> <http-bio-8080-exec-7> com.opensymphony.xwork2.interceptor.ParametersInterceptor.setParameters(ParametersInterceptor.java:242) 
<ERROR> ParametersInterceptor - [setParameters]: Unexpected Exception caught setting 'b1399194867707' on 'class com.taobao.rigel.rap.workspace.web.action.WorkspaceAction: Error setting expression 'b1399194867707' with value '[Ljava.lang.String;@76152f9c'

<2014-05-04 17:19:28> <http-bio-8080-exec-4> com.opensymphony.xwork2.interceptor.ParametersInterceptor.setParameters(ParametersInterceptor.java:242) 
<ERROR> ParametersInterceptor - [setParameters]: Unexpected Exception caught setting 'b1399195167680' on 'class com.taobao.rigel.rap.workspace.web.action.WorkspaceAction: Error setting expression 'b1399195167680' with value '[Ljava.lang.String;@37c1f888'

<2014-05-04 17:24:28> <http-bio-8080-exec-5> com.opensymphony.xwork2.interceptor.ParametersInterceptor.setParameters(ParametersInterceptor.java:242) 
<ERROR> ParametersInterceptor - [setParameters]: Unexpected Exception caught setting 'b1399195467653' on 'class com.taobao.rigel.rap.workspace.web.action.WorkspaceAction: Error setting expression 'b1399195467653' with value '[Ljava.lang.String;@a2768f9'

<2014-05-04 17:29:27> <http-bio-8080-exec-2> com.opensymphony.xwork2.interceptor.ParametersInterceptor.setParameters(ParametersInterceptor.java:242) 
<ERROR> ParametersInterceptor - [setParameters]: Unexpected Exception caught setting 'b1399195767625' on 'class com.taobao.rigel.rap.workspace.web.action.WorkspaceAction: Error setting expression 'b1399195767625' with value '[Ljava.lang.String;@41d35e9'

<2014-05-04 17:34:27> <http-bio-8080-exec-6> com.opensymphony.xwork2.interceptor.ParametersInterceptor.setParameters(ParametersInterceptor.java:242) 
<ERROR> ParametersInterceptor - [setParameters]: Unexpected Exception caught setting 'b1399196067598' on 'class com.taobao.rigel.rap.workspace.web.action.WorkspaceAction: Error setting expression 'b1399196067598' with value '[Ljava.lang.String;@5183829d'

<2014-05-04 17:39:27> <http-bio-8080-exec-8> com.opensymphony.xwork2.interceptor.ParametersInterceptor.setParameters(ParametersInterceptor.java:242) 
<ERROR> ParametersInterceptor - [setParameters]: Unexpected Exception caught setting 'b1399196367571' on 'class com.taobao.rigel.rap.workspace.web.action.WorkspaceAction: Error setting expression 'b1399196367571' with value '[Ljava.lang.String;@145f6d7b'

<2014-05-04 17:44:27> <http-bio-8080-exec-10> com.opensymphony.xwork2.interceptor.ParametersInterceptor.setParameters(ParametersInterceptor.java:242) 
<ERROR> ParametersInterceptor - [setParameters]: Unexpected Exception caught setting 'b1399196667543' on 'class com.taobao.rigel.rap.workspace.web.action.WorkspaceAction: Error setting expression 'b1399196667543' with value '[Ljava.lang.String;@39cb8c34'

<2014-05-04 17:49:27> <http-bio-8080-exec-9> com.opensymphony.xwork2.interceptor.ParametersInterceptor.setParameters(ParametersInterceptor.java:242) 
<ERROR> ParametersInterceptor - [setParameters]: Unexpected Exception caught setting 'b1399196967516' on 'class com.taobao.rigel.rap.workspace.web.action.WorkspaceAction: Error setting expression 'b1399196967516' with value '[Ljava.lang.String;@3145888'

<2014-05-04 17:54:28> <http-bio-8080-exec-3> com.opensymphony.xwork2.interceptor.ParametersInterceptor.setParameters(ParametersInterceptor.java:242) 
<ERROR> ParametersInterceptor - [setParameters]: Unexpected Exception caught setting 'b1399197267490' on 'class com.taobao.rigel.rap.workspace.web.action.WorkspaceAction: Error setting expression 'b1399197267490' with value '[Ljava.lang.String;@cdb9121'

<2014-05-04 17:59:27> <http-bio-8080-exec-1> com.opensymphony.xwork2.interceptor.ParametersInterceptor.setParameters(ParametersInterceptor.java:242) 
<ERROR> ParametersInterceptor - [setParameters]: Unexpected Exception caught setting 'b1399197567595' on 'class com.taobao.rigel.rap.workspace.web.action.WorkspaceAction: Error setting expression 'b1399197567595' with value '[Ljava.lang.String;@537fcc3c'

<2014-05-04 18:04:27> <http-bio-8080-exec-7> com.opensymphony.xwork2.interceptor.ParametersInterceptor.setParameters(ParametersInterceptor.java:242) 
<ERROR> ParametersInterceptor - [setParameters]: Unexpected Exception caught setting 'b1399197867435' on 'class com.taobao.rigel.rap.workspace.web.action.WorkspaceAction: Error setting expression 'b1399197867435' with value '[Ljava.lang.String;@4f83e706'

<2014-05-04 18:09:27> <http-bio-8080-exec-4> com.opensymphony.xwork2.interceptor.ParametersInterceptor.setParameters(ParametersInterceptor.java:242) 
<ERROR> ParametersInterceptor - [setParameters]: Unexpected Exception caught setting 'b1399198167408' on 'class com.taobao.rigel.rap.workspace.web.action.WorkspaceAction: Error setting expression 'b1399198167408' with value '[Ljava.lang.String;@688fa4fd'

<2014-05-04 18:14:27> <http-bio-8080-exec-5> com.opensymphony.xwork2.interceptor.ParametersInterceptor.setParameters(ParametersInterceptor.java:242) 
<ERROR> ParametersInterceptor - [setParameters]: Unexpected Exception caught setting 'b1399198467379' on 'class com.taobao.rigel.rap.workspace.web.action.WorkspaceAction: Error setting expression 'b1399198467379' with value '[Ljava.lang.String;@3658c2ec'

<2014-05-04 18:19:27> <http-bio-8080-exec-2> com.opensymphony.xwork2.interceptor.ParametersInterceptor.setParameters(ParametersInterceptor.java:242) 
<ERROR> ParametersInterceptor - [setParameters]: Unexpected Exception caught setting 'b1399198767399' on 'class com.taobao.rigel.rap.workspace.web.action.WorkspaceAction: Error setting expression 'b1399198767399' with value '[Ljava.lang.String;@3516d61c'

<2014-05-04 18:24:27> <http-bio-8080-exec-6> com.opensymphony.xwork2.interceptor.ParametersInterceptor.setParameters(ParametersInterceptor.java:242) 
<ERROR> ParametersInterceptor - [setParameters]: Unexpected Exception caught setting 'b1399199067324' on 'class com.taobao.rigel.rap.workspace.web.action.WorkspaceAction: Error setting expression 'b1399199067324' with value '[Ljava.lang.String;@37b8cb8b'

<2014-05-04 18:29:27> <http-bio-8080-exec-8> com.opensymphony.xwork2.interceptor.ParametersInterceptor.setParameters(ParametersInterceptor.java:242) 
<ERROR> ParametersInterceptor - [setParameters]: Unexpected Exception caught setting 'b1399199367298' on 'class com.taobao.rigel.rap.workspace.web.action.WorkspaceAction: Error setting expression 'b1399199367298' with value '[Ljava.lang.String;@8e4fa57'

<2014-05-04 18:34:27> <http-bio-8080-exec-10> com.opensymphony.xwork2.interceptor.ParametersInterceptor.setParameters(ParametersInterceptor.java:242) 
<ERROR> ParametersInterceptor - [setParameters]: Unexpected Exception caught setting 'b1399199667271' on 'class com.taobao.rigel.rap.workspace.web.action.WorkspaceAction: Error setting expression 'b1399199667271' with value '[Ljava.lang.String;@71d4b607'

<2014-05-04 18:39:27> <http-bio-8080-exec-9> com.opensymphony.xwork2.interceptor.ParametersInterceptor.setParameters(ParametersInterceptor.java:242) 
<ERROR> ParametersInterceptor - [setParameters]: Unexpected Exception caught setting 'b1399199967244' on 'class com.taobao.rigel.rap.workspace.web.action.WorkspaceAction: Error setting expression 'b1399199967244' with value '[Ljava.lang.String;@59cc4bf5'

<2014-05-04 18:44:27> <http-bio-8080-exec-3> com.opensymphony.xwork2.interceptor.ParametersInterceptor.setParameters(ParametersInterceptor.java:242) 
<ERROR> ParametersInterceptor - [setParameters]: Unexpected Exception caught setting 'b1399200267218' on 'class com.taobao.rigel.rap.workspace.web.action.WorkspaceAction: Error setting expression 'b1399200267218' with value '[Ljava.lang.String;@22e2821f'

<2014-05-04 18:49:27> <http-bio-8080-exec-6> com.opensymphony.xwork2.interceptor.ParametersInterceptor.setParameters(ParametersInterceptor.java:242) 
<ERROR> ParametersInterceptor - [setParameters]: Unexpected Exception caught setting 'b1399200567191' on 'class com.taobao.rigel.rap.workspace.web.action.WorkspaceAction: Error setting expression 'b1399200567191' with value '[Ljava.lang.String;@145c7bf7'

<2014-05-04 18:54:27> <http-bio-8080-exec-7> com.opensymphony.xwork2.interceptor.ParametersInterceptor.setParameters(ParametersInterceptor.java:242) 
<ERROR> ParametersInterceptor - [setParameters]: Unexpected Exception caught setting 'b1399200867161' on 'class com.taobao.rigel.rap.workspace.web.action.WorkspaceAction: Error setting expression 'b1399200867161' with value '[Ljava.lang.String;@1e678c79'

<2014-05-04 18:59:28> <http-bio-8080-exec-4> com.opensymphony.xwork2.interceptor.ParametersInterceptor.setParameters(ParametersInterceptor.java:242) 
<ERROR> ParametersInterceptor - [setParameters]: Unexpected Exception caught setting 'b1399201167135' on 'class com.taobao.rigel.rap.workspace.web.action.WorkspaceAction: Error setting expression 'b1399201167135' with value '[Ljava.lang.String;@23f90602'

<2014-05-04 19:04:27> <http-bio-8080-exec-5> com.opensymphony.xwork2.interceptor.ParametersInterceptor.setParameters(ParametersInterceptor.java:242) 
<ERROR> ParametersInterceptor - [setParameters]: Unexpected Exception caught setting 'b1399201467107' on 'class com.taobao.rigel.rap.workspace.web.action.WorkspaceAction: Error setting expression 'b1399201467107' with value '[Ljava.lang.String;@3a4120ae'

<2014-05-04 19:09:27> <http-bio-8080-exec-2> com.opensymphony.xwork2.interceptor.ParametersInterceptor.setParameters(ParametersInterceptor.java:242) 
<ERROR> ParametersInterceptor - [setParameters]: Unexpected Exception caught setting 'b1399201767082' on 'class com.taobao.rigel.rap.workspace.web.action.WorkspaceAction: Error setting expression 'b1399201767082' with value '[Ljava.lang.String;@26322e74'

<2014-05-04 19:14:27> <http-bio-8080-exec-1> com.opensymphony.xwork2.interceptor.ParametersInterceptor.setParameters(ParametersInterceptor.java:242) 
<ERROR> ParametersInterceptor - [setParameters]: Unexpected Exception caught setting 'b1399202067054' on 'class com.taobao.rigel.rap.workspace.web.action.WorkspaceAction: Error setting expression 'b1399202067054' with value '[Ljava.lang.String;@2c5114bf'

<2014-05-04 19:19:27> <http-bio-8080-exec-8> com.opensymphony.xwork2.interceptor.ParametersInterceptor.setParameters(ParametersInterceptor.java:242) 
<ERROR> ParametersInterceptor - [setParameters]: Unexpected Exception caught setting 'b1399202367025' on 'class com.taobao.rigel.rap.workspace.web.action.WorkspaceAction: Error setting expression 'b1399202367025' with value '[Ljava.lang.String;@615f8c6f'

<2014-05-04 19:24:27> <http-bio-8080-exec-10> com.opensymphony.xwork2.interceptor.ParametersInterceptor.setParameters(ParametersInterceptor.java:242) 
<ERROR> ParametersInterceptor - [setParameters]: Unexpected Exception caught setting 'b1399202666999' on 'class com.taobao.rigel.rap.workspace.web.action.WorkspaceAction: Error setting expression 'b1399202666999' with value '[Ljava.lang.String;@661f8366'

<2014-05-04 19:29:27> <http-bio-8080-exec-9> com.opensymphony.xwork2.interceptor.ParametersInterceptor.setParameters(ParametersInterceptor.java:242) 
<ERROR> ParametersInterceptor - [setParameters]: Unexpected Exception caught setting 'b1399202966972' on 'class com.taobao.rigel.rap.workspace.web.action.WorkspaceAction: Error setting expression 'b1399202966972' with value '[Ljava.lang.String;@2d62dd8c'

<2014-05-04 19:34:27> <http-bio-8080-exec-2> com.opensymphony.xwork2.interceptor.ParametersInterceptor.setParameters(ParametersInterceptor.java:242) 
<ERROR> ParametersInterceptor - [setParameters]: Unexpected Exception caught setting 'b1399203266944' on 'class com.taobao.rigel.rap.workspace.web.action.WorkspaceAction: Error setting expression 'b1399203266944' with value '[Ljava.lang.String;@34103723'

<2014-05-04 19:39:27> <http-bio-8080-exec-6> com.opensymphony.xwork2.interceptor.ParametersInterceptor.setParameters(ParametersInterceptor.java:242) 
<ERROR> ParametersInterceptor - [setParameters]: Unexpected Exception caught setting 'b1399203566917' on 'class com.taobao.rigel.rap.workspace.web.action.WorkspaceAction: Error setting expression 'b1399203566917' with value '[Ljava.lang.String;@72fa2387'

<2014-05-04 19:44:27> <http-bio-8080-exec-7> com.opensymphony.xwork2.interceptor.ParametersInterceptor.setParameters(ParametersInterceptor.java:242) 
<ERROR> ParametersInterceptor - [setParameters]: Unexpected Exception caught setting 'b1399203866891' on 'class com.taobao.rigel.rap.workspace.web.action.WorkspaceAction: Error setting expression 'b1399203866891' with value '[Ljava.lang.String;@54b65de9'

<2014-05-04 19:49:27> <http-bio-8080-exec-4> com.opensymphony.xwork2.interceptor.ParametersInterceptor.setParameters(ParametersInterceptor.java:242) 
<ERROR> ParametersInterceptor - [setParameters]: Unexpected Exception caught setting 'b1399204166862' on 'class com.taobao.rigel.rap.workspace.web.action.WorkspaceAction: Error setting expression 'b1399204166862' with value '[Ljava.lang.String;@1837220f'

<2014-05-04 19:54:27> <http-bio-8080-exec-5> com.opensymphony.xwork2.interceptor.ParametersInterceptor.setParameters(ParametersInterceptor.java:242) 
<ERROR> ParametersInterceptor - [setParameters]: Unexpected Exception caught setting 'b1399204466835' on 'class com.taobao.rigel.rap.workspace.web.action.WorkspaceAction: Error setting expression 'b1399204466835' with value '[Ljava.lang.String;@2eb5eba5'

<2014-05-04 19:59:27> <http-bio-8080-exec-3> com.opensymphony.xwork2.interceptor.ParametersInterceptor.setParameters(ParametersInterceptor.java:242) 
<ERROR> ParametersInterceptor - [setParameters]: Unexpected Exception caught setting 'b1399204766808' on 'class com.taobao.rigel.rap.workspace.web.action.WorkspaceAction: Error setting expression 'b1399204766808' with value '[Ljava.lang.String;@5604d4e7'

<2014-05-04 20:04:26> <http-bio-8080-exec-1> com.opensymphony.xwork2.interceptor.ParametersInterceptor.setParameters(ParametersInterceptor.java:242) 
<ERROR> ParametersInterceptor - [setParameters]: Unexpected Exception caught setting 'b1399205066781' on 'class com.taobao.rigel.rap.workspace.web.action.WorkspaceAction: Error setting expression 'b1399205066781' with value '[Ljava.lang.String;@746291c6'

<2014-05-04 20:09:26> <http-bio-8080-exec-8> com.opensymphony.xwork2.interceptor.ParametersInterceptor.setParameters(ParametersInterceptor.java:242) 
<ERROR> ParametersInterceptor - [setParameters]: Unexpected Exception caught setting 'b1399205366754' on 'class com.taobao.rigel.rap.workspace.web.action.WorkspaceAction: Error setting expression 'b1399205366754' with value '[Ljava.lang.String;@5cdbf201'

<2014-05-04 20:14:27> <http-bio-8080-exec-10> com.opensymphony.xwork2.interceptor.ParametersInterceptor.setParameters(ParametersInterceptor.java:242) 
<ERROR> ParametersInterceptor - [setParameters]: Unexpected Exception caught setting 'b1399205666726' on 'class com.taobao.rigel.rap.workspace.web.action.WorkspaceAction: Error setting expression 'b1399205666726' with value '[Ljava.lang.String;@3a308e1a'

<2014-05-04 20:19:26> <http-bio-8080-exec-9> com.opensymphony.xwork2.interceptor.ParametersInterceptor.setParameters(ParametersInterceptor.java:242) 
<ERROR> ParametersInterceptor - [setParameters]: Unexpected Exception caught setting 'b1399205966698' on 'class com.taobao.rigel.rap.workspace.web.action.WorkspaceAction: Error setting expression 'b1399205966698' with value '[Ljava.lang.String;@621fefa8'

<2014-05-04 20:24:26> <http-bio-8080-exec-2> com.opensymphony.xwork2.interceptor.ParametersInterceptor.setParameters(ParametersInterceptor.java:242) 
<ERROR> ParametersInterceptor - [setParameters]: Unexpected Exception caught setting 'b1399206266671' on 'class com.taobao.rigel.rap.workspace.web.action.WorkspaceAction: Error setting expression 'b1399206266671' with value '[Ljava.lang.String;@15cc9ec8'

<2014-05-04 20:29:27> <http-bio-8080-exec-6> com.opensymphony.xwork2.interceptor.ParametersInterceptor.setParameters(ParametersInterceptor.java:242) 
<ERROR> ParametersInterceptor - [setParameters]: Unexpected Exception caught setting 'b1399206566645' on 'class com.taobao.rigel.rap.workspace.web.action.WorkspaceAction: Error setting expression 'b1399206566645' with value '[Ljava.lang.String;@2725e34'

<2014-05-04 20:34:29> <http-bio-8080-exec-7> com.opensymphony.xwork2.interceptor.ParametersInterceptor.setParameters(ParametersInterceptor.java:242) 
<ERROR> ParametersInterceptor - [setParameters]: Unexpected Exception caught setting 'b1399206868893' on 'class com.taobao.rigel.rap.workspace.web.action.WorkspaceAction: Error setting expression 'b1399206868893' with value '[Ljava.lang.String;@1cd9f1aa'

<2014-05-04 22:40:13> <http-bio-8080-exec-4> com.opensymphony.xwork2.interceptor.ParametersInterceptor.setParameters(ParametersInterceptor.java:242) 
<ERROR> ParametersInterceptor - [setParameters]: Unexpected Exception caught setting 'b1399214413401' on 'class com.taobao.rigel.rap.workspace.web.action.WorkspaceAction: Error setting expression 'b1399214413401' with value '[Ljava.lang.String;@380df009'

<2014-05-04 22:45:13> <http-bio-8080-exec-5> com.opensymphony.xwork2.interceptor.ParametersInterceptor.setParameters(ParametersInterceptor.java:242) 
<ERROR> ParametersInterceptor - [setParameters]: Unexpected Exception caught setting 'b1399214713374' on 'class com.taobao.rigel.rap.workspace.web.action.WorkspaceAction: Error setting expression 'b1399214713374' with value '[Ljava.lang.String;@d9a47d4'

<2014-05-04 22:50:13> <http-bio-8080-exec-3> com.opensymphony.xwork2.interceptor.ParametersInterceptor.setParameters(ParametersInterceptor.java:242) 
<ERROR> ParametersInterceptor - [setParameters]: Unexpected Exception caught setting 'b1399215013346' on 'class com.taobao.rigel.rap.workspace.web.action.WorkspaceAction: Error setting expression 'b1399215013346' with value '[Ljava.lang.String;@5d8b8d9e'

<2014-05-04 22:55:13> <http-bio-8080-exec-1> com.opensymphony.xwork2.interceptor.ParametersInterceptor.setParameters(ParametersInterceptor.java:242) 
<ERROR> ParametersInterceptor - [setParameters]: Unexpected Exception caught setting 'b1399215313325' on 'class com.taobao.rigel.rap.workspace.web.action.WorkspaceAction: Error setting expression 'b1399215313325' with value '[Ljava.lang.String;@6bf7504b'

<2014-05-04 23:00:14> <http-bio-8080-exec-8> com.opensymphony.xwork2.interceptor.ParametersInterceptor.setParameters(ParametersInterceptor.java:242) 
<ERROR> ParametersInterceptor - [setParameters]: Unexpected Exception caught setting 'b1399215614292' on 'class com.taobao.rigel.rap.workspace.web.action.WorkspaceAction: Error setting expression 'b1399215614292' with value '[Ljava.lang.String;@291cf82f'

<2014-05-04 23:05:14> <http-bio-8080-exec-10> com.opensymphony.xwork2.interceptor.ParametersInterceptor.setParameters(ParametersInterceptor.java:242) 
<ERROR> ParametersInterceptor - [setParameters]: Unexpected Exception caught setting 'b1399215914265' on 'class com.taobao.rigel.rap.workspace.web.action.WorkspaceAction: Error setting expression 'b1399215914265' with value '[Ljava.lang.String;@4bfb2ebc'

<2014-05-04 23:10:14> <http-bio-8080-exec-9> com.opensymphony.xwork2.interceptor.ParametersInterceptor.setParameters(ParametersInterceptor.java:242) 
<ERROR> ParametersInterceptor - [setParameters]: Unexpected Exception caught setting 'b1399216214238' on 'class com.taobao.rigel.rap.workspace.web.action.WorkspaceAction: Error setting expression 'b1399216214238' with value '[Ljava.lang.String;@2c09e5cf'

<2014-05-04 23:15:14> <http-bio-8080-exec-2> com.opensymphony.xwork2.interceptor.ParametersInterceptor.setParameters(ParametersInterceptor.java:242) 
<ERROR> ParametersInterceptor - [setParameters]: Unexpected Exception caught setting 'b1399216514212' on 'class com.taobao.rigel.rap.workspace.web.action.WorkspaceAction: Error setting expression 'b1399216514212' with value '[Ljava.lang.String;@2861bf5d'

<2014-05-04 23:22:57> <http-bio-8080-exec-6> com.opensymphony.xwork2.interceptor.ParametersInterceptor.setParameters(ParametersInterceptor.java:242) 
<ERROR> ParametersInterceptor - [setParameters]: Unexpected Exception caught setting 'b1399216977649' on 'class com.taobao.rigel.rap.workspace.web.action.WorkspaceAction: Error setting expression 'b1399216977649' with value '[Ljava.lang.String;@3b7c73b5'

<2014-05-04 23:27:57> <http-bio-8080-exec-7> com.opensymphony.xwork2.interceptor.ParametersInterceptor.setParameters(ParametersInterceptor.java:242) 
<ERROR> ParametersInterceptor - [setParameters]: Unexpected Exception caught setting 'b1399217277621' on 'class com.taobao.rigel.rap.workspace.web.action.WorkspaceAction: Error setting expression 'b1399217277621' with value '[Ljava.lang.String;@49b498a9'

<2014-05-04 23:32:57> <http-bio-8080-exec-4> com.opensymphony.xwork2.interceptor.ParametersInterceptor.setParameters(ParametersInterceptor.java:242) 
<ERROR> ParametersInterceptor - [setParameters]: Unexpected Exception caught setting 'b1399217577593' on 'class com.taobao.rigel.rap.workspace.web.action.WorkspaceAction: Error setting expression 'b1399217577593' with value '[Ljava.lang.String;@22d6c624'

<2014-05-04 23:37:57> <http-bio-8080-exec-5> com.opensymphony.xwork2.interceptor.ParametersInterceptor.setParameters(ParametersInterceptor.java:242) 
<ERROR> ParametersInterceptor - [setParameters]: Unexpected Exception caught setting 'b1399217877565' on 'class com.taobao.rigel.rap.workspace.web.action.WorkspaceAction: Error setting expression 'b1399217877565' with value '[Ljava.lang.String;@24e18779'

<2014-05-04 23:42:57> <http-bio-8080-exec-3> com.opensymphony.xwork2.interceptor.ParametersInterceptor.setParameters(ParametersInterceptor.java:242) 
<ERROR> ParametersInterceptor - [setParameters]: Unexpected Exception caught setting 'b1399218177538' on 'class com.taobao.rigel.rap.workspace.web.action.WorkspaceAction: Error setting expression 'b1399218177538' with value '[Ljava.lang.String;@d898d5a'

<2014-05-04 23:47:57> <http-bio-8080-exec-1> com.opensymphony.xwork2.interceptor.ParametersInterceptor.setParameters(ParametersInterceptor.java:242) 
<ERROR> ParametersInterceptor - [setParameters]: Unexpected Exception caught setting 'b1399218477511' on 'class com.taobao.rigel.rap.workspace.web.action.WorkspaceAction: Error setting expression 'b1399218477511' with value '[Ljava.lang.String;@16781aaa'

<2014-05-04 23:52:57> <http-bio-8080-exec-8> com.opensymphony.xwork2.interceptor.ParametersInterceptor.setParameters(ParametersInterceptor.java:242) 
<ERROR> ParametersInterceptor - [setParameters]: Unexpected Exception caught setting 'b1399218777484' on 'class com.taobao.rigel.rap.workspace.web.action.WorkspaceAction: Error setting expression 'b1399218777484' with value '[Ljava.lang.String;@7db626c2'

<2014-05-04 23:57:57> <http-bio-8080-exec-10> com.opensymphony.xwork2.interceptor.ParametersInterceptor.setParameters(ParametersInterceptor.java:242) 
<ERROR> ParametersInterceptor - [setParameters]: Unexpected Exception caught setting 'b1399219077457' on 'class com.taobao.rigel.rap.workspace.web.action.WorkspaceAction: Error setting expression 'b1399219077457' with value '[Ljava.lang.String;@20c18a83'

<2014-05-05 00:02:57> <http-bio-8080-exec-9> com.opensymphony.xwork2.interceptor.ParametersInterceptor.setParameters(ParametersInterceptor.java:242) 
<ERROR> ParametersInterceptor - [setParameters]: Unexpected Exception caught setting 'b1399219377430' on 'class com.taobao.rigel.rap.workspace.web.action.WorkspaceAction: Error setting expression 'b1399219377430' with value '[Ljava.lang.String;@2e21fe4f'

<2014-05-05 00:07:57> <http-bio-8080-exec-2> com.opensymphony.xwork2.interceptor.ParametersInterceptor.setParameters(ParametersInterceptor.java:242) 
<ERROR> ParametersInterceptor - [setParameters]: Unexpected Exception caught setting 'b1399219677402' on 'class com.taobao.rigel.rap.workspace.web.action.WorkspaceAction: Error setting expression 'b1399219677402' with value '[Ljava.lang.String;@2e4a36f8'

<2014-05-05 00:12:57> <http-bio-8080-exec-6> com.opensymphony.xwork2.interceptor.ParametersInterceptor.setParameters(ParametersInterceptor.java:242) 
<ERROR> ParametersInterceptor - [setParameters]: Unexpected Exception caught setting 'b1399219977375' on 'class com.taobao.rigel.rap.workspace.web.action.WorkspaceAction: Error setting expression 'b1399219977375' with value '[Ljava.lang.String;@59c1a372'

<2014-05-05 00:17:57> <http-bio-8080-exec-7> com.opensymphony.xwork2.interceptor.ParametersInterceptor.setParameters(ParametersInterceptor.java:242) 
<ERROR> ParametersInterceptor - [setParameters]: Unexpected Exception caught setting 'b1399220277348' on 'class com.taobao.rigel.rap.workspace.web.action.WorkspaceAction: Error setting expression 'b1399220277348' with value '[Ljava.lang.String;@cc1d1e2'

<2014-05-05 00:22:57> <http-bio-8080-exec-4> com.opensymphony.xwork2.interceptor.ParametersInterceptor.setParameters(ParametersInterceptor.java:242) 
<ERROR> ParametersInterceptor - [setParameters]: Unexpected Exception caught setting 'b1399220577321' on 'class com.taobao.rigel.rap.workspace.web.action.WorkspaceAction: Error setting expression 'b1399220577321' with value '[Ljava.lang.String;@43cd72bc'

<2014-05-05 00:27:57> <http-bio-8080-exec-5> com.opensymphony.xwork2.interceptor.ParametersInterceptor.setParameters(ParametersInterceptor.java:242) 
<ERROR> ParametersInterceptor - [setParameters]: Unexpected Exception caught setting 'b1399220877296' on 'class com.taobao.rigel.rap.workspace.web.action.WorkspaceAction: Error setting expression 'b1399220877296' with value '[Ljava.lang.String;@66fa74b9'

<2014-05-06 18:39:37> <http-bio-8080-exec-2> org.hibernate.hql.ast.QueryTranslatorImpl.list(QueryTranslatorImpl.java:328) 
<WARN> firstResult/maxResults specified with collection fetch; applying in memory!

<2014-05-06 18:41:29> <http-bio-8080-exec-1> com.opensymphony.xwork2.interceptor.ParametersInterceptor.setParameters(ParametersInterceptor.java:242) 
<ERROR> ParametersInterceptor - [setParameters]: Unexpected Exception caught setting 'b1399372889941' on 'class com.taobao.rigel.rap.workspace.web.action.WorkspaceAction: Error setting expression 'b1399372889941' with value '[Ljava.lang.String;@68508957'

<2014-05-06 18:41:32> <http-bio-8080-exec-1> com.opensymphony.xwork2.interceptor.ParametersInterceptor.setParameters(ParametersInterceptor.java:242) 
<ERROR> ParametersInterceptor - [setParameters]: Unexpected Exception caught setting 'b1399372891981' on 'class com.taobao.rigel.rap.workspace.web.action.WorkspaceAction: Error setting expression 'b1399372891981' with value '[Ljava.lang.String;@2212f7a3'

<2014-05-06 18:42:05> <http-bio-8080-exec-5> org.hibernate.hql.ast.QueryTranslatorImpl.list(QueryTranslatorImpl.java:328) 
<WARN> firstResult/maxResults specified with collection fetch; applying in memory!

<2014-05-06 18:45:11> <http-bio-8080-exec-3> com.opensymphony.xwork2.interceptor.ParametersInterceptor.setParameters(ParametersInterceptor.java:242) 
<ERROR> ParametersInterceptor - [setParameters]: Unexpected Exception caught setting 'b1399373111353' on 'class com.taobao.rigel.rap.workspace.web.action.WorkspaceAction: Error setting expression 'b1399373111353' with value '[Ljava.lang.String;@7cc8fc3c'

<2014-05-06 18:45:13> <http-bio-8080-exec-3> com.opensymphony.xwork2.interceptor.ParametersInterceptor.setParameters(ParametersInterceptor.java:242) 
<ERROR> ParametersInterceptor - [setParameters]: Unexpected Exception caught setting 'b1399373113839' on 'class com.taobao.rigel.rap.workspace.web.action.WorkspaceAction: Error setting expression 'b1399373113839' with value '[Ljava.lang.String;@289efc97'

<2014-05-06 18:45:20> <http-bio-8080-exec-3> com.opensymphony.xwork2.interceptor.ParametersInterceptor.setParameters(ParametersInterceptor.java:242) 
<ERROR> ParametersInterceptor - [setParameters]: Unexpected Exception caught setting 'b1399373119989' on 'class com.taobao.rigel.rap.workspace.web.action.WorkspaceAction: Error setting expression 'b1399373119989' with value '[Ljava.lang.String;@79abbc9d'

<2014-05-06 18:45:20> <http-bio-8080-exec-3> com.opensymphony.xwork2.interceptor.ParametersInterceptor.setParameters(ParametersInterceptor.java:242) 
<ERROR> ParametersInterceptor - [setParameters]: Unexpected Exception caught setting 'b1399373120788' on 'class com.taobao.rigel.rap.workspace.web.action.WorkspaceAction: Error setting expression 'b1399373120788' with value '[Ljava.lang.String;@dfa12d1'

<2014-05-06 18:46:59> <http-bio-8080-exec-9> com.opensymphony.xwork2.interceptor.ParametersInterceptor.setParameters(ParametersInterceptor.java:242) 
<ERROR> ParametersInterceptor - [setParameters]: Unexpected Exception caught setting 'b1399373219794' on 'class com.taobao.rigel.rap.workspace.web.action.WorkspaceAction: Error setting expression 'b1399373219794' with value '[Ljava.lang.String;@504b4b5d'

<2014-05-06 18:47:03> <http-bio-8080-exec-9> com.opensymphony.xwork2.interceptor.ParametersInterceptor.setParameters(ParametersInterceptor.java:242) 
<ERROR> ParametersInterceptor - [setParameters]: Unexpected Exception caught setting 'b1399373223793' on 'class com.taobao.rigel.rap.workspace.web.action.WorkspaceAction: Error setting expression 'b1399373223793' with value '[Ljava.lang.String;@545cef90'

<2014-05-06 18:52:00> <http-bio-8080-exec-1> com.opensymphony.xwork2.interceptor.ParametersInterceptor.setParameters(ParametersInterceptor.java:242) 
<ERROR> ParametersInterceptor - [setParameters]: Unexpected Exception caught setting 'b1399373519768' on 'class com.taobao.rigel.rap.workspace.web.action.WorkspaceAction: Error setting expression 'b1399373519768' with value '[Ljava.lang.String;@4f14938a'

<2014-05-06 18:52:03> <http-bio-8080-exec-1> com.opensymphony.xwork2.interceptor.ParametersInterceptor.setParameters(ParametersInterceptor.java:242) 
<ERROR> ParametersInterceptor - [setParameters]: Unexpected Exception caught setting 'b1399373523767' on 'class com.taobao.rigel.rap.workspace.web.action.WorkspaceAction: Error setting expression 'b1399373523767' with value '[Ljava.lang.String;@172f0482'

<2014-05-06 18:57:00> <http-bio-8080-exec-2> com.opensymphony.xwork2.interceptor.ParametersInterceptor.setParameters(ParametersInterceptor.java:242) 
<ERROR> ParametersInterceptor - [setParameters]: Unexpected Exception caught setting 'b1399373819740' on 'class com.taobao.rigel.rap.workspace.web.action.WorkspaceAction: Error setting expression 'b1399373819740' with value '[Ljava.lang.String;@6b1fd4b9'

<2014-05-06 18:57:03> <http-bio-8080-exec-3> com.opensymphony.xwork2.interceptor.ParametersInterceptor.setParameters(ParametersInterceptor.java:242) 
<ERROR> ParametersInterceptor - [setParameters]: Unexpected Exception caught setting 'b1399373823738' on 'class com.taobao.rigel.rap.workspace.web.action.WorkspaceAction: Error setting expression 'b1399373823738' with value '[Ljava.lang.String;@5b2f3e74'

<2014-05-06 19:01:59> <http-bio-8080-exec-7> com.opensymphony.xwork2.interceptor.ParametersInterceptor.setParameters(ParametersInterceptor.java:242) 
<ERROR> ParametersInterceptor - [setParameters]: Unexpected Exception caught setting 'b1399374119713' on 'class com.taobao.rigel.rap.workspace.web.action.WorkspaceAction: Error setting expression 'b1399374119713' with value '[Ljava.lang.String;@15646798'

<2014-05-06 19:02:03> <http-bio-8080-exec-7> com.opensymphony.xwork2.interceptor.ParametersInterceptor.setParameters(ParametersInterceptor.java:242) 
<ERROR> ParametersInterceptor - [setParameters]: Unexpected Exception caught setting 'b1399374123712' on 'class com.taobao.rigel.rap.workspace.web.action.WorkspaceAction: Error setting expression 'b1399374123712' with value '[Ljava.lang.String;@7c1c1ee4'

<2014-05-06 19:06:59> <http-bio-8080-exec-9> com.opensymphony.xwork2.interceptor.ParametersInterceptor.setParameters(ParametersInterceptor.java:242) 
<ERROR> ParametersInterceptor - [setParameters]: Unexpected Exception caught setting 'b1399374419686' on 'class com.taobao.rigel.rap.workspace.web.action.WorkspaceAction: Error setting expression 'b1399374419686' with value '[Ljava.lang.String;@4913aa9c'

<2014-05-06 19:07:03> <http-bio-8080-exec-9> com.opensymphony.xwork2.interceptor.ParametersInterceptor.setParameters(ParametersInterceptor.java:242) 
<ERROR> ParametersInterceptor - [setParameters]: Unexpected Exception caught setting 'b1399374423693' on 'class com.taobao.rigel.rap.workspace.web.action.WorkspaceAction: Error setting expression 'b1399374423693' with value '[Ljava.lang.String;@483057c6'

<2014-05-06 19:11:59> <http-bio-8080-exec-1> com.opensymphony.xwork2.interceptor.ParametersInterceptor.setParameters(ParametersInterceptor.java:242) 
<ERROR> ParametersInterceptor - [setParameters]: Unexpected Exception caught setting 'b1399374719659' on 'class com.taobao.rigel.rap.workspace.web.action.WorkspaceAction: Error setting expression 'b1399374719659' with value '[Ljava.lang.String;@2203ef52'

<2014-05-06 19:12:03> <http-bio-8080-exec-1> com.opensymphony.xwork2.interceptor.ParametersInterceptor.setParameters(ParametersInterceptor.java:242) 
<ERROR> ParametersInterceptor - [setParameters]: Unexpected Exception caught setting 'b1399374723657' on 'class com.taobao.rigel.rap.workspace.web.action.WorkspaceAction: Error setting expression 'b1399374723657' with value '[Ljava.lang.String;@593f8257'

<2014-05-06 19:16:59> <http-bio-8080-exec-3> com.opensymphony.xwork2.interceptor.ParametersInterceptor.setParameters(ParametersInterceptor.java:242) 
<ERROR> ParametersInterceptor - [setParameters]: Unexpected Exception caught setting 'b1399375019634' on 'class com.taobao.rigel.rap.workspace.web.action.WorkspaceAction: Error setting expression 'b1399375019634' with value '[Ljava.lang.String;@7fbe897e'

<2014-05-06 19:17:03> <http-bio-8080-exec-3> com.opensymphony.xwork2.interceptor.ParametersInterceptor.setParameters(ParametersInterceptor.java:242) 
<ERROR> ParametersInterceptor - [setParameters]: Unexpected Exception caught setting 'b1399375023630' on 'class com.taobao.rigel.rap.workspace.web.action.WorkspaceAction: Error setting expression 'b1399375023630' with value '[Ljava.lang.String;@177cd53f'

<2014-05-06 19:21:59> <http-bio-8080-exec-7> com.opensymphony.xwork2.interceptor.ParametersInterceptor.setParameters(ParametersInterceptor.java:242) 
<ERROR> ParametersInterceptor - [setParameters]: Unexpected Exception caught setting 'b1399375319602' on 'class com.taobao.rigel.rap.workspace.web.action.WorkspaceAction: Error setting expression 'b1399375319602' with value '[Ljava.lang.String;@19fbee66'

<2014-05-06 19:22:03> <http-bio-8080-exec-7> com.opensymphony.xwork2.interceptor.ParametersInterceptor.setParameters(ParametersInterceptor.java:242) 
<ERROR> ParametersInterceptor - [setParameters]: Unexpected Exception caught setting